<?xml version="1.0" encoding="UTF-8"?>
<coverage generated="1560925184118" clover="3.2.0">
  <project timestamp="1560925184119" name="All files">
    <metrics statements="205" coveredstatements="148" conditionals="114" coveredconditionals="69" methods="37" coveredmethods="31" elements="356" coveredelements="248" complexity="0" loc="205" ncloc="205" packages="3" files="7" classes="7"/>
    <package name="controller">
      <metrics statements="41" coveredstatements="27" conditionals="19" coveredconditionals="5" methods="6" coveredmethods="4"/>
      <file name="controller.js" path="E:\Programming\github\repos\slider-plugin\src\js\controller\controller.js">
        <metrics statements="6" coveredstatements="6" conditionals="0" coveredconditionals="0" methods="1" coveredmethods="1"/>
        <line num="4" count="2" type="stmt"/>
        <line num="5" count="2" type="stmt"/>
        <line num="7" count="2" type="stmt"/>
        <line num="8" count="2" type="stmt"/>
        <line num="9" count="2" type="stmt"/>
        <line num="11" count="2" type="stmt"/>
      </file>
      <file name="utils.js" path="E:\Programming\github\repos\slider-plugin\src\js\controller\utils.js">
        <metrics statements="35" coveredstatements="21" conditionals="19" coveredconditionals="5" methods="5" coveredmethods="3"/>
        <line num="2" count="2" type="cond" truecount="1" falsecount="1"/>
        <line num="7" count="0" type="stmt"/>
        <line num="16" count="2" type="stmt"/>
        <line num="18" count="2" type="stmt"/>
        <line num="19" count="2" type="cond" truecount="1" falsecount="1"/>
        <line num="20" count="2" type="stmt"/>
        <line num="21" count="2" type="stmt"/>
        <line num="23" count="2" type="cond" truecount="1" falsecount="1"/>
        <line num="24" count="0" type="cond" truecount="0" falsecount="2"/>
        <line num="25" count="0" type="stmt"/>
        <line num="27" count="0" type="stmt"/>
        <line num="30" count="2" type="stmt"/>
        <line num="35" count="2" type="stmt"/>
        <line num="37" count="2" type="cond" truecount="1" falsecount="1"/>
        <line num="38" count="0" type="stmt"/>
        <line num="39" count="0" type="stmt"/>
        <line num="41" count="2" type="stmt"/>
        <line num="46" count="2" type="stmt"/>
        <line num="47" count="2" type="stmt"/>
        <line num="48" count="2" type="stmt"/>
        <line num="49" count="2" type="stmt"/>
        <line num="50" count="2" type="stmt"/>
        <line num="51" count="2" type="stmt"/>
        <line num="52" count="2" type="stmt"/>
        <line num="53" count="2" type="stmt"/>
        <line num="56" count="0" type="cond" truecount="0" falsecount="2"/>
        <line num="57" count="0" type="stmt"/>
        <line num="59" count="0" type="cond" truecount="0" falsecount="2"/>
        <line num="60" count="0" type="cond" truecount="0" falsecount="2"/>
        <line num="61" count="0" type="stmt"/>
        <line num="63" count="0" type="stmt"/>
        <line num="66" count="0" type="stmt"/>
        <line num="70" count="2" type="stmt"/>
        <line num="72" count="2" type="stmt"/>
        <line num="73" count="0" type="stmt"/>
      </file>
    </package>
    <package name="model">
      <metrics statements="82" coveredstatements="67" conditionals="70" coveredconditionals="52" methods="20" coveredmethods="18"/>
      <file name="SliderError.js" path="E:\Programming\github\repos\slider-plugin\src\js\model\SliderError.js">
        <metrics statements="4" coveredstatements="4" conditionals="1" coveredconditionals="0" methods="3" coveredmethods="3"/>
        <line num="3" count="18" type="stmt"/>
        <line num="4" count="18" type="stmt"/>
        <line num="8" count="2" type="stmt"/>
        <line num="14" count="1" type="stmt"/>
      </file>
      <file name="model.js" path="E:\Programming\github\repos\slider-plugin\src\js\model\model.js">
        <metrics statements="64" coveredstatements="49" conditionals="54" coveredconditionals="38" methods="11" coveredmethods="10"/>
        <line num="5" count="3" type="cond" truecount="1" falsecount="0"/>
        <line num="6" count="7" type="stmt"/>
        <line num="7" count="7" type="stmt"/>
        <line num="10" count="41" type="stmt"/>
        <line num="12" count="41" type="cond" truecount="2" falsecount="0"/>
        <line num="13" count="13" type="stmt"/>
        <line num="16" count="28" type="cond" truecount="6" falsecount="1"/>
        <line num="20" count="20" type="cond" truecount="2" falsecount="2"/>
        <line num="21" count="0" type="stmt"/>
        <line num="22" count="20" type="cond" truecount="2" falsecount="2"/>
        <line num="23" count="0" type="stmt"/>
        <line num="24" count="20" type="cond" truecount="2" falsecount="0"/>
        <line num="25" count="19" type="cond" truecount="2" falsecount="0"/>
        <line num="27" count="17" type="stmt"/>
        <line num="31" count="17" type="stmt"/>
        <line num="33" count="3" type="cond" truecount="2" falsecount="0"/>
        <line num="34" count="1" type="stmt"/>
        <line num="36" count="2" type="stmt"/>
        <line num="38" count="2" type="cond" truecount="2" falsecount="0"/>
        <line num="39" count="1" type="stmt"/>
        <line num="41" count="1" type="stmt"/>
        <line num="43" count="3" type="cond" truecount="1" falsecount="1"/>
        <line num="48" count="3" type="stmt"/>
        <line num="50" count="0" type="stmt"/>
        <line num="52" count="0" type="stmt"/>
        <line num="55" count="3" type="stmt"/>
        <line num="59" count="11" type="stmt"/>
        <line num="60" count="4" type="stmt"/>
        <line num="61" count="4" type="cond" truecount="1" falsecount="2"/>
        <line num="63" count="4" type="stmt"/>
        <line num="64" count="4" type="stmt"/>
        <line num="66" count="0" type="stmt"/>
        <line num="67" count="0" type="stmt"/>
        <line num="69" count="0" type="stmt"/>
        <line num="72" count="0" type="stmt"/>
        <line num="78" count="16" type="stmt"/>
        <line num="79" count="16" type="cond" truecount="2" falsecount="0"/>
        <line num="80" count="1" type="stmt"/>
        <line num="81" count="1" type="stmt"/>
        <line num="83" count="15" type="stmt"/>
        <line num="87" count="7" type="cond" truecount="0" falsecount="1"/>
        <line num="88" count="13" type="cond" truecount="1" falsecount="1"/>
        <line num="89" count="0" type="stmt"/>
        <line num="90" count="0" type="stmt"/>
        <line num="93" count="13" type="stmt"/>
        <line num="94" count="13" type="stmt"/>
        <line num="95" count="10" type="cond" truecount="3" falsecount="0"/>
        <line num="98" count="13" type="stmt"/>
        <line num="99" count="3" type="stmt"/>
        <line num="102" count="13" type="cond" truecount="2" falsecount="0"/>
        <line num="105" count="13" type="cond" truecount="1" falsecount="1"/>
        <line num="106" count="0" type="cond" truecount="0" falsecount="2"/>
        <line num="107" count="0" type="cond" truecount="0" falsecount="2"/>
        <line num="109" count="0" type="stmt"/>
        <line num="110" count="0" type="stmt"/>
        <line num="112" count="13" type="cond" truecount="2" falsecount="0"/>
        <line num="116" count="13" type="cond" truecount="2" falsecount="0"/>
        <line num="117" count="11" type="stmt"/>
        <line num="119" count="2" type="stmt"/>
        <line num="120" count="0" type="stmt"/>
        <line num="125" count="7" type="stmt"/>
        <line num="128" count="7" type="stmt"/>
        <line num="130" count="37" type="stmt"/>
        <line num="135" count="2" type="stmt"/>
      </file>
      <file name="utils.js" path="E:\Programming\github\repos\slider-plugin\src\js\model\utils.js">
        <metrics statements="14" coveredstatements="14" conditionals="15" coveredconditionals="14" methods="6" coveredmethods="5"/>
        <line num="3" count="3" type="stmt"/>
        <line num="4" count="3" type="stmt"/>
        <line num="17" count="3" type="stmt"/>
        <line num="18" count="7" type="stmt"/>
        <line num="23" count="7" type="stmt"/>
        <line num="28" count="41" type="cond" truecount="11" falsecount="0"/>
        <line num="35" count="36" type="cond" truecount="2" falsecount="0"/>
        <line num="42" count="4" type="cond" truecount="1" falsecount="1"/>
        <line num="46" count="1" type="stmt"/>
        <line num="50" count="3" type="stmt"/>
        <line num="52" count="2" type="stmt"/>
        <line num="53" count="2" type="stmt"/>
        <line num="54" count="2" type="stmt"/>
        <line num="55" count="2" type="stmt"/>
      </file>
    </package>
    <package name="view">
      <metrics statements="82" coveredstatements="54" conditionals="25" coveredconditionals="12" methods="11" coveredmethods="9"/>
      <file name="utils.js" path="E:\Programming\github\repos\slider-plugin\src\js\view\utils.js">
        <metrics statements="35" coveredstatements="19" conditionals="13" coveredconditionals="5" methods="6" coveredmethods="4"/>
        <line num="3" count="28" type="stmt"/>
        <line num="5" count="28" type="stmt"/>
        <line num="6" count="36" type="stmt"/>
        <line num="9" count="28" type="stmt"/>
        <line num="22" count="4" type="stmt"/>
        <line num="24" count="4" type="cond" truecount="1" falsecount="1"/>
        <line num="25" count="4" type="cond" truecount="1" falsecount="1"/>
        <line num="27" count="4" type="stmt"/>
        <line num="40" count="4" type="stmt"/>
        <line num="41" count="4" type="stmt"/>
        <line num="42" count="4" type="stmt"/>
        <line num="44" count="4" type="cond" truecount="1" falsecount="1"/>
        <line num="45" count="0" type="stmt"/>
        <line num="46" count="0" type="stmt"/>
        <line num="47" count="0" type="stmt"/>
        <line num="48" count="0" type="stmt"/>
        <line num="49" count="0" type="stmt"/>
        <line num="50" count="0" type="stmt"/>
        <line num="51" count="0" type="stmt"/>
        <line num="54" count="4" type="stmt"/>
        <line num="56" count="0" type="stmt"/>
        <line num="57" count="0" type="stmt"/>
        <line num="58" count="0" type="stmt"/>
        <line num="61" count="0" type="stmt"/>
        <line num="63" count="4" type="stmt"/>
        <line num="65" count="4" type="cond" truecount="1" falsecount="1"/>
        <line num="76" count="4" type="stmt"/>
        <line num="77" count="12" type="stmt"/>
        <line num="80" count="4" type="cond" truecount="1" falsecount="1"/>
        <line num="81" count="0" type="stmt"/>
        <line num="82" count="0" type="stmt"/>
        <line num="83" count="0" type="stmt"/>
        <line num="87" count="0" type="stmt"/>
        <line num="88" count="0" type="stmt"/>
        <line num="92" count="4" type="stmt"/>
      </file>
      <file name="view.js" path="E:\Programming\github\repos\slider-plugin\src\js\view\view.js">
        <metrics statements="47" coveredstatements="35" conditionals="12" coveredconditionals="7" methods="5" coveredmethods="5"/>
        <line num="4" count="3" type="stmt"/>
        <line num="5" count="3" type="stmt"/>
        <line num="6" count="3" type="stmt"/>
        <line num="7" count="3" type="cond" truecount="2" falsecount="0"/>
        <line num="8" count="1" type="stmt"/>
        <line num="10" count="2" type="stmt"/>
        <line num="14" count="2" type="stmt"/>
        <line num="15" count="2" type="stmt"/>
        <line num="16" count="2" type="stmt"/>
        <line num="19" count="2" type="stmt"/>
        <line num="20" count="4" type="cond" truecount="1" falsecount="1"/>
        <line num="21" count="0" type="stmt"/>
        <line num="24" count="4" type="stmt"/>
        <line num="25" count="4" type="stmt"/>
        <line num="27" count="4" type="stmt"/>
        <line num="28" count="4" type="stmt"/>
        <line num="30" count="4" type="cond" truecount="1" falsecount="1"/>
        <line num="31" count="0" type="stmt"/>
        <line num="32" count="0" type="stmt"/>
        <line num="34" count="4" type="stmt"/>
        <line num="37" count="4" type="stmt"/>
        <line num="38" count="4" type="stmt"/>
        <line num="39" count="4" type="stmt"/>
        <line num="40" count="4" type="stmt"/>
        <line num="43" count="4" type="cond" truecount="1" falsecount="1"/>
        <line num="44" count="4" type="stmt"/>
        <line num="46" count="4" type="stmt"/>
        <line num="50" count="8" type="cond" truecount="1" falsecount="1"/>
        <line num="51" count="8" type="stmt"/>
        <line num="52" count="8" type="stmt"/>
        <line num="53" count="8" type="stmt"/>
        <line num="55" count="0" type="stmt"/>
        <line num="56" count="0" type="stmt"/>
        <line num="57" count="0" type="stmt"/>
        <line num="62" count="2" type="stmt"/>
        <line num="63" count="8" type="stmt"/>
        <line num="65" count="8" type="cond" truecount="1" falsecount="1"/>
        <line num="72" count="0" type="stmt"/>
        <line num="74" count="0" type="stmt"/>
        <line num="82" count="0" type="stmt"/>
        <line num="90" count="0" type="stmt"/>
        <line num="91" count="0" type="stmt"/>
        <line num="92" count="0" type="stmt"/>
        <line num="94" count="8" type="stmt"/>
        <line num="96" count="8" type="stmt"/>
        <line num="104" count="8" type="stmt"/>
        <line num="105" count="8" type="stmt"/>
      </file>
    </package>
  </project>
</coverage>
