{"E:\\Programming\\github\\repos\\slider\\src\\js\\SliderError.js": {"path":"E:\\Programming\\github\\repos\\slider\\src\\js\\SliderError.js","statementMap":{"0":{"start":{"line":3,"column":4},"end":{"line":3,"column":19}},"1":{"start":{"line":4,"column":4},"end":{"line":4,"column":21}},"2":{"start":{"line":10,"column":4},"end":{"line":10,"column":48}}},"fnMap":{"0":{"name":"(anonymous_0)","decl":{"start":{"line":2,"column":2},"end":{"line":2,"column":3}},"loc":{"start":{"line":2,"column":41},"end":{"line":5,"column":3}},"line":2},"1":{"name":"(anonymous_1)","decl":{"start":{"line":7,"column":2},"end":{"line":7,"column":3}},"loc":{"start":{"line":7,"column":9},"end":{"line":11,"column":3}},"line":7}},"branchMap":{"0":{"loc":{"start":{"line":2,"column":23},"end":{"line":2,"column":39}},"type":"default-arg","locations":[{"start":{"line":2,"column":30},"end":{"line":2,"column":39}}],"line":2}},"s":{"0":23,"1":23,"2":7},"f":{"0":23,"1":7},"b":{"0":[0]},"_coverageSchema":"43e27e138ebf9cfc5966b082cf9a028302ed4184","hash":"8e779f5505f663b3fc747fc366edf7b84e35e699"}
,"E:\\Programming\\github\\repos\\slider\\src\\js\\controller.js": {"path":"E:\\Programming\\github\\repos\\slider\\src\\js\\controller.js","statementMap":{"0":{"start":{"line":2,"column":2},"end":{"line":2,"column":93}},"1":{"start":{"line":2,"column":86},"end":{"line":2,"column":93}},"2":{"start":{"line":4,"column":15},"end":{"line":4,"column":47}},"3":{"start":{"line":5,"column":14},"end":{"line":5,"column":89}},"4":{"start":{"line":6,"column":17},"end":{"line":6,"column":62}},"5":{"start":{"line":7,"column":19},"end":{"line":7,"column":64}},"6":{"start":{"line":9,"column":2},"end":{"line":9,"column":60}},"7":{"start":{"line":10,"column":2},"end":{"line":10,"column":25}},"8":{"start":{"line":14,"column":2},"end":{"line":14,"column":42}},"9":{"start":{"line":15,"column":2},"end":{"line":15,"column":25}},"10":{"start":{"line":19,"column":20},"end":{"line":19,"column":24}},"11":{"start":{"line":20,"column":14},"end":{"line":20,"column":37}},"12":{"start":{"line":21,"column":17},"end":{"line":21,"column":25}},"13":{"start":{"line":22,"column":12},"end":{"line":22,"column":29}},"14":{"start":{"line":23,"column":12},"end":{"line":23,"column":28}},"15":{"start":{"line":24,"column":13},"end":{"line":24,"column":22}},"16":{"start":{"line":25,"column":13},"end":{"line":25,"column":22}},"17":{"start":{"line":28,"column":16},"end":{"line":28,"column":63}},"18":{"start":{"line":29,"column":19},"end":{"line":29,"column":54}},"19":{"start":{"line":30,"column":21},"end":{"line":30,"column":61}},"20":{"start":{"line":32,"column":4},"end":{"line":32,"column":52}},"21":{"start":{"line":33,"column":4},"end":{"line":33,"column":22}},"22":{"start":{"line":36,"column":2},"end":{"line":36,"column":47}},"23":{"start":{"line":38,"column":2},"end":{"line":40,"column":5}},"24":{"start":{"line":39,"column":4},"end":{"line":39,"column":52}},"25":{"start":{"line":44,"column":2},"end":{"line":44,"column":21}},"26":{"start":{"line":45,"column":2},"end":{"line":45,"column":19}},"27":{"start":{"line":47,"column":2},"end":{"line":47,"column":44}},"28":{"start":{"line":48,"column":2},"end":{"line":48,"column":42}},"29":{"start":{"line":49,"column":2},"end":{"line":49,"column":44}},"30":{"start":{"line":51,"column":2},"end":{"line":51,"column":20}}},"fnMap":{"0":{"name":"handleClick","decl":{"start":{"line":1,"column":9},"end":{"line":1,"column":20}},"loc":{"start":{"line":1,"column":24},"end":{"line":11,"column":1}},"line":1},"1":{"name":"handleInput","decl":{"start":{"line":13,"column":9},"end":{"line":13,"column":20}},"loc":{"start":{"line":13,"column":24},"end":{"line":16,"column":1}},"line":13},"2":{"name":"handleDrag","decl":{"start":{"line":18,"column":9},"end":{"line":18,"column":19}},"loc":{"start":{"line":18,"column":23},"end":{"line":41,"column":1}},"line":18},"3":{"name":"moveEl","decl":{"start":{"line":27,"column":11},"end":{"line":27,"column":17}},"loc":{"start":{"line":27,"column":22},"end":{"line":34,"column":3}},"line":27},"4":{"name":"(anonymous_4)","decl":{"start":{"line":38,"column":37},"end":{"line":38,"column":38}},"loc":{"start":{"line":38,"column":43},"end":{"line":40,"column":3}},"line":38},"5":{"name":"Controller","decl":{"start":{"line":43,"column":9},"end":{"line":43,"column":19}},"loc":{"start":{"line":43,"column":33},"end":{"line":52,"column":1}},"line":43}},"branchMap":{"0":{"loc":{"start":{"line":2,"column":2},"end":{"line":2,"column":93}},"type":"if","locations":[{"start":{"line":2,"column":2},"end":{"line":2,"column":93}},{"start":{"line":2,"column":2},"end":{"line":2,"column":93}}],"line":2},"1":{"loc":{"start":{"line":2,"column":6},"end":{"line":2,"column":84}},"type":"binary-expr","locations":[{"start":{"line":2,"column":6},"end":{"line":2,"column":43}},{"start":{"line":2,"column":47},"end":{"line":2,"column":84}}],"line":2},"2":{"loc":{"start":{"line":5,"column":14},"end":{"line":5,"column":89}},"type":"cond-expr","locations":[{"start":{"line":5,"column":45},"end":{"line":5,"column":66}},{"start":{"line":5,"column":69},"end":{"line":5,"column":89}}],"line":5},"3":{"loc":{"start":{"line":28,"column":16},"end":{"line":28,"column":63}},"type":"cond-expr","locations":[{"start":{"line":28,"column":22},"end":{"line":28,"column":41}},{"start":{"line":28,"column":44},"end":{"line":28,"column":63}}],"line":28}},"s":{"0":2,"1":0,"2":2,"3":2,"4":2,"5":2,"6":2,"7":2,"8":2,"9":2,"10":2,"11":2,"12":2,"13":2,"14":2,"15":2,"16":2,"17":0,"18":0,"19":0,"20":0,"21":0,"22":2,"23":2,"24":0,"25":2,"26":2,"27":2,"28":2,"29":2,"30":2},"f":{"0":2,"1":2,"2":2,"3":0,"4":0,"5":2},"b":{"0":[0,2],"1":[2,2],"2":[2,0],"3":[0,0]},"_coverageSchema":"43e27e138ebf9cfc5966b082cf9a028302ed4184","hash":"ef3d5bda395219793e1ebc8eca2f198dacb0144f"}
,"E:\\Programming\\github\\repos\\slider\\src\\js\\model.js": {"path":"E:\\Programming\\github\\repos\\slider\\src\\js\\model.js","statementMap":{"0":{"start":{"line":4,"column":12},"end":{"line":13,"column":1}},"1":{"start":{"line":16,"column":2},"end":{"line":16,"column":27}},"2":{"start":{"line":20,"column":12},"end":{"line":20,"column":13}},"3":{"start":{"line":22,"column":2},"end":{"line":42,"column":3}},"4":{"start":{"line":28,"column":6},"end":{"line":28,"column":28}},"5":{"start":{"line":29,"column":6},"end":{"line":31,"column":7}},"6":{"start":{"line":30,"column":8},"end":{"line":30,"column":68}},"7":{"start":{"line":32,"column":6},"end":{"line":32,"column":17}},"8":{"start":{"line":36,"column":6},"end":{"line":38,"column":7}},"9":{"start":{"line":37,"column":8},"end":{"line":37,"column":70}},"10":{"start":{"line":39,"column":6},"end":{"line":39,"column":17}},"11":{"start":{"line":41,"column":6},"end":{"line":41,"column":70}},"12":{"start":{"line":45,"column":14},"end":{"line":151,"column":1}},"13":{"start":{"line":47,"column":16},"end":{"line":47,"column":18}},"14":{"start":{"line":50,"column":2},"end":{"line":50,"column":28}},"15":{"start":{"line":53,"column":4},"end":{"line":55,"column":5}},"16":{"start":{"line":54,"column":6},"end":{"line":54,"column":93}},"17":{"start":{"line":57,"column":14},"end":{"line":57,"column":35}},"18":{"start":{"line":59,"column":4},"end":{"line":61,"column":5}},"19":{"start":{"line":60,"column":6},"end":{"line":60,"column":17}},"20":{"start":{"line":63,"column":4},"end":{"line":97,"column":5}},"21":{"start":{"line":65,"column":8},"end":{"line":68,"column":9}},"22":{"start":{"line":66,"column":10},"end":{"line":66,"column":41}},"23":{"start":{"line":67,"column":10},"end":{"line":67,"column":27}},"24":{"start":{"line":68,"column":10},"end":{"line":71,"column":9}},"25":{"start":{"line":69,"column":10},"end":{"line":69,"column":24}},"26":{"start":{"line":70,"column":10},"end":{"line":70,"column":27}},"27":{"start":{"line":72,"column":8},"end":{"line":72,"column":82}},"28":{"start":{"line":73,"column":8},"end":{"line":73,"column":85}},"29":{"start":{"line":74,"column":8},"end":{"line":74,"column":19}},"30":{"start":{"line":76,"column":8},"end":{"line":78,"column":9}},"31":{"start":{"line":77,"column":10},"end":{"line":77,"column":72}},"32":{"start":{"line":79,"column":8},"end":{"line":79,"column":14}},"33":{"start":{"line":81,"column":8},"end":{"line":83,"column":9}},"34":{"start":{"line":82,"column":10},"end":{"line":82,"column":72}},"35":{"start":{"line":84,"column":8},"end":{"line":84,"column":14}},"36":{"start":{"line":86,"column":8},"end":{"line":88,"column":9}},"37":{"start":{"line":87,"column":10},"end":{"line":87,"column":74}},"38":{"start":{"line":89,"column":8},"end":{"line":89,"column":14}},"39":{"start":{"line":91,"column":8},"end":{"line":93,"column":9}},"40":{"start":{"line":92,"column":10},"end":{"line":92,"column":77}},"41":{"start":{"line":94,"column":8},"end":{"line":94,"column":14}},"42":{"start":{"line":96,"column":8},"end":{"line":96,"column":14}},"43":{"start":{"line":99,"column":4},"end":{"line":99,"column":15}},"44":{"start":{"line":103,"column":16},"end":{"line":103,"column":34}},"45":{"start":{"line":104,"column":4},"end":{"line":108,"column":5}},"46":{"start":{"line":105,"column":6},"end":{"line":105,"column":17}},"47":{"start":{"line":107,"column":6},"end":{"line":107,"column":23}},"48":{"start":{"line":111,"column":2},"end":{"line":113,"column":5}},"49":{"start":{"line":112,"column":4},"end":{"line":112,"column":26}},"50":{"start":{"line":116,"column":2},"end":{"line":116,"column":16}},"51":{"start":{"line":117,"column":2},"end":{"line":117,"column":28}},"52":{"start":{"line":118,"column":2},"end":{"line":118,"column":23}},"53":{"start":{"line":121,"column":2},"end":{"line":150,"column":4}},"54":{"start":{"line":123,"column":6},"end":{"line":129,"column":7}},"55":{"start":{"line":124,"column":8},"end":{"line":126,"column":11}},"56":{"start":{"line":125,"column":10},"end":{"line":125,"column":28}},"57":{"start":{"line":128,"column":8},"end":{"line":128,"column":25}},"58":{"start":{"line":133,"column":6},"end":{"line":135,"column":7}},"59":{"start":{"line":134,"column":8},"end":{"line":134,"column":71}},"60":{"start":{"line":136,"column":6},"end":{"line":136,"column":24}},"61":{"start":{"line":139,"column":6},"end":{"line":139,"column":31}},"62":{"start":{"line":142,"column":6},"end":{"line":148,"column":9}},"63":{"start":{"line":143,"column":8},"end":{"line":147,"column":9}},"64":{"start":{"line":144,"column":10},"end":{"line":144,"column":22}},"65":{"start":{"line":146,"column":10},"end":{"line":146,"column":29}}},"fnMap":{"0":{"name":"isUndefined","decl":{"start":{"line":15,"column":9},"end":{"line":15,"column":20}},"loc":{"start":{"line":15,"column":26},"end":{"line":17,"column":1}},"line":15},"1":{"name":"checkType","decl":{"start":{"line":19,"column":9},"end":{"line":19,"column":18}},"loc":{"start":{"line":19,"column":29},"end":{"line":43,"column":1}},"line":19},"2":{"name":"Model","decl":{"start":{"line":45,"column":23},"end":{"line":45,"column":28}},"loc":{"start":{"line":45,"column":49},"end":{"line":151,"column":1}},"line":45},"3":{"name":"validate","decl":{"start":{"line":52,"column":11},"end":{"line":52,"column":19}},"loc":{"start":{"line":52,"column":32},"end":{"line":100,"column":3}},"line":52},"4":{"name":"setVal","decl":{"start":{"line":102,"column":11},"end":{"line":102,"column":17}},"loc":{"start":{"line":102,"column":28},"end":{"line":109,"column":3}},"line":102},"5":{"name":"(anonymous_5)","decl":{"start":{"line":111,"column":27},"end":{"line":111,"column":28}},"loc":{"start":{"line":111,"column":36},"end":{"line":113,"column":3}},"line":111},"6":{"name":"(anonymous_6)","decl":{"start":{"line":122,"column":4},"end":{"line":122,"column":5}},"loc":{"start":{"line":122,"column":18},"end":{"line":130,"column":5}},"line":122},"7":{"name":"(anonymous_7)","decl":{"start":{"line":124,"column":33},"end":{"line":124,"column":34}},"loc":{"start":{"line":124,"column":40},"end":{"line":126,"column":9}},"line":124},"8":{"name":"(anonymous_8)","decl":{"start":{"line":132,"column":4},"end":{"line":132,"column":5}},"loc":{"start":{"line":132,"column":13},"end":{"line":137,"column":5}},"line":132},"9":{"name":"(anonymous_9)","decl":{"start":{"line":138,"column":4},"end":{"line":138,"column":5}},"loc":{"start":{"line":138,"column":20},"end":{"line":140,"column":5}},"line":138},"10":{"name":"(anonymous_10)","decl":{"start":{"line":141,"column":4},"end":{"line":141,"column":5}},"loc":{"start":{"line":141,"column":16},"end":{"line":149,"column":5}},"line":141},"11":{"name":"(anonymous_11)","decl":{"start":{"line":142,"column":30},"end":{"line":142,"column":31}},"loc":{"start":{"line":142,"column":38},"end":{"line":148,"column":7}},"line":142}},"branchMap":{"0":{"loc":{"start":{"line":22,"column":2},"end":{"line":42,"column":3}},"type":"switch","locations":[{"start":{"line":23,"column":4},"end":{"line":23,"column":17}},{"start":{"line":24,"column":4},"end":{"line":24,"column":15}},{"start":{"line":25,"column":4},"end":{"line":25,"column":15}},{"start":{"line":26,"column":4},"end":{"line":26,"column":16}},{"start":{"line":27,"column":4},"end":{"line":32,"column":17}},{"start":{"line":33,"column":4},"end":{"line":33,"column":22}},{"start":{"line":34,"column":4},"end":{"line":34,"column":21}},{"start":{"line":35,"column":4},"end":{"line":39,"column":17}},{"start":{"line":40,"column":4},"end":{"line":41,"column":70}}],"line":22},"1":{"loc":{"start":{"line":29,"column":6},"end":{"line":31,"column":7}},"type":"if","locations":[{"start":{"line":29,"column":6},"end":{"line":31,"column":7}},{"start":{"line":29,"column":6},"end":{"line":31,"column":7}}],"line":29},"2":{"loc":{"start":{"line":36,"column":6},"end":{"line":38,"column":7}},"type":"if","locations":[{"start":{"line":36,"column":6},"end":{"line":38,"column":7}},{"start":{"line":36,"column":6},"end":{"line":38,"column":7}}],"line":36},"3":{"loc":{"start":{"line":45,"column":39},"end":{"line":45,"column":47}},"type":"default-arg","locations":[{"start":{"line":45,"column":45},"end":{"line":45,"column":47}}],"line":45},"4":{"loc":{"start":{"line":53,"column":4},"end":{"line":55,"column":5}},"type":"if","locations":[{"start":{"line":53,"column":4},"end":{"line":55,"column":5}},{"start":{"line":53,"column":4},"end":{"line":55,"column":5}}],"line":53},"5":{"loc":{"start":{"line":59,"column":4},"end":{"line":61,"column":5}},"type":"if","locations":[{"start":{"line":59,"column":4},"end":{"line":61,"column":5}},{"start":{"line":59,"column":4},"end":{"line":61,"column":5}}],"line":59},"6":{"loc":{"start":{"line":63,"column":4},"end":{"line":97,"column":5}},"type":"switch","locations":[{"start":{"line":64,"column":6},"end":{"line":74,"column":19}},{"start":{"line":75,"column":6},"end":{"line":79,"column":14}},{"start":{"line":80,"column":6},"end":{"line":84,"column":14}},{"start":{"line":85,"column":6},"end":{"line":89,"column":14}},{"start":{"line":90,"column":6},"end":{"line":94,"column":14}},{"start":{"line":95,"column":6},"end":{"line":96,"column":14}}],"line":63},"7":{"loc":{"start":{"line":65,"column":8},"end":{"line":68,"column":9}},"type":"if","locations":[{"start":{"line":65,"column":8},"end":{"line":68,"column":9}},{"start":{"line":65,"column":8},"end":{"line":68,"column":9}}],"line":65},"8":{"loc":{"start":{"line":68,"column":10},"end":{"line":71,"column":9}},"type":"if","locations":[{"start":{"line":68,"column":10},"end":{"line":71,"column":9}},{"start":{"line":68,"column":10},"end":{"line":71,"column":9}}],"line":68},"9":{"loc":{"start":{"line":76,"column":8},"end":{"line":78,"column":9}},"type":"if","locations":[{"start":{"line":76,"column":8},"end":{"line":78,"column":9}},{"start":{"line":76,"column":8},"end":{"line":78,"column":9}}],"line":76},"10":{"loc":{"start":{"line":81,"column":8},"end":{"line":83,"column":9}},"type":"if","locations":[{"start":{"line":81,"column":8},"end":{"line":83,"column":9}},{"start":{"line":81,"column":8},"end":{"line":83,"column":9}}],"line":81},"11":{"loc":{"start":{"line":86,"column":8},"end":{"line":88,"column":9}},"type":"if","locations":[{"start":{"line":86,"column":8},"end":{"line":88,"column":9}},{"start":{"line":86,"column":8},"end":{"line":88,"column":9}}],"line":86},"12":{"loc":{"start":{"line":86,"column":12},"end":{"line":86,"column":92}},"type":"binary-expr","locations":[{"start":{"line":86,"column":12},"end":{"line":86,"column":20}},{"start":{"line":86,"column":24},"end":{"line":86,"column":59}},{"start":{"line":86,"column":63},"end":{"line":86,"column":92}}],"line":86},"13":{"loc":{"start":{"line":91,"column":8},"end":{"line":93,"column":9}},"type":"if","locations":[{"start":{"line":91,"column":8},"end":{"line":93,"column":9}},{"start":{"line":91,"column":8},"end":{"line":93,"column":9}}],"line":91},"14":{"loc":{"start":{"line":104,"column":4},"end":{"line":108,"column":5}},"type":"if","locations":[{"start":{"line":104,"column":4},"end":{"line":108,"column":5}},{"start":{"line":104,"column":4},"end":{"line":108,"column":5}}],"line":104},"15":{"loc":{"start":{"line":123,"column":6},"end":{"line":129,"column":7}},"type":"if","locations":[{"start":{"line":123,"column":6},"end":{"line":129,"column":7}},{"start":{"line":123,"column":6},"end":{"line":129,"column":7}}],"line":123},"16":{"loc":{"start":{"line":133,"column":6},"end":{"line":135,"column":7}},"type":"if","locations":[{"start":{"line":133,"column":6},"end":{"line":135,"column":7}},{"start":{"line":133,"column":6},"end":{"line":135,"column":7}}],"line":133}},"s":{"0":3,"1":111,"2":47,"3":47,"4":41,"5":41,"6":8,"7":33,"8":6,"9":3,"10":3,"11":0,"12":3,"13":7,"14":7,"15":49,"16":2,"17":47,"18":47,"19":11,"20":36,"21":15,"22":1,"23":1,"24":14,"25":1,"26":1,"27":13,"28":13,"29":13,"30":4,"31":1,"32":3,"33":3,"34":1,"35":2,"36":4,"37":3,"38":1,"39":7,"40":4,"41":3,"42":3,"43":12,"44":26,"45":26,"46":7,"47":19,"48":7,"49":11,"50":7,"51":7,"52":7,"53":7,"54":14,"55":1,"56":2,"57":13,"58":62,"59":1,"60":61,"61":2,"62":4,"63":4,"64":4,"65":0},"f":{"0":111,"1":47,"2":7,"3":49,"4":26,"5":11,"6":14,"7":2,"8":62,"9":2,"10":4,"11":4},"b":{"0":[20,24,29,34,41,2,4,6,0],"1":[8,33],"2":[3,3],"3":[3],"4":[2,47],"5":[11,36],"6":[15,4,3,4,7,3],"7":[1,14],"8":[1,13],"9":[1,3],"10":[1,2],"11":[3,1],"12":[4,3,1],"13":[4,3],"14":[7,19],"15":[1,13],"16":[1,61]},"_coverageSchema":"43e27e138ebf9cfc5966b082cf9a028302ed4184","hash":"2ae6646d286906ef7b7ed77d2823404439755a18"}
,"E:\\Programming\\github\\repos\\slider\\src\\js\\view.js": {"path":"E:\\Programming\\github\\repos\\slider\\src\\js\\view.js","statementMap":{"0":{"start":{"line":2,"column":2},"end":{"line":2,"column":21}},"1":{"start":{"line":3,"column":2},"end":{"line":3,"column":60}},"2":{"start":{"line":4,"column":2},"end":{"line":4,"column":101}},"3":{"start":{"line":4,"column":18},"end":{"line":4,"column":101}},"4":{"start":{"line":5,"column":2},"end":{"line":5,"column":26}},"5":{"start":{"line":10,"column":15},"end":{"line":10,"column":43}},"6":{"start":{"line":12,"column":2},"end":{"line":14,"column":5}},"7":{"start":{"line":13,"column":4},"end":{"line":13,"column":38}},"8":{"start":{"line":16,"column":2},"end":{"line":16,"column":14}},"9":{"start":{"line":19,"column":0},"end":{"line":87,"column":2}},"10":{"start":{"line":21,"column":25},"end":{"line":21,"column":53}},"11":{"start":{"line":22,"column":21},"end":{"line":22,"column":63}},"12":{"start":{"line":23,"column":24},"end":{"line":23,"column":92}},"13":{"start":{"line":24,"column":16},"end":{"line":24,"column":37}},"14":{"start":{"line":25,"column":16},"end":{"line":25,"column":37}},"15":{"start":{"line":27,"column":16},"end":{"line":37,"column":5}},"16":{"start":{"line":39,"column":4},"end":{"line":39,"column":36}},"17":{"start":{"line":40,"column":4},"end":{"line":40,"column":37}},"18":{"start":{"line":41,"column":4},"end":{"line":41,"column":31}},"19":{"start":{"line":42,"column":4},"end":{"line":44,"column":7}},"20":{"start":{"line":43,"column":6},"end":{"line":43,"column":33}},"21":{"start":{"line":46,"column":4},"end":{"line":55,"column":5}},"22":{"start":{"line":47,"column":19},"end":{"line":47,"column":41}},"23":{"start":{"line":49,"column":6},"end":{"line":54,"column":7}},"24":{"start":{"line":49,"column":19},"end":{"line":49,"column":20}},"25":{"start":{"line":50,"column":21},"end":{"line":50,"column":42}},"26":{"start":{"line":51,"column":22},"end":{"line":51,"column":101}},"27":{"start":{"line":52,"column":8},"end":{"line":52,"column":34}},"28":{"start":{"line":53,"column":8},"end":{"line":53,"column":38}},"29":{"start":{"line":57,"column":4},"end":{"line":57,"column":29}},"30":{"start":{"line":58,"column":4},"end":{"line":58,"column":36}},"31":{"start":{"line":60,"column":4},"end":{"line":60,"column":65}},"32":{"start":{"line":61,"column":4},"end":{"line":61,"column":74}},"33":{"start":{"line":62,"column":4},"end":{"line":62,"column":63}},"34":{"start":{"line":64,"column":16},"end":{"line":64,"column":79}},"35":{"start":{"line":65,"column":4},"end":{"line":65,"column":40}},"36":{"start":{"line":67,"column":4},"end":{"line":67,"column":19}},"37":{"start":{"line":70,"column":16},"end":{"line":70,"column":37}},"38":{"start":{"line":71,"column":18},"end":{"line":71,"column":41}},"39":{"start":{"line":72,"column":25},"end":{"line":72,"column":53}},"40":{"start":{"line":74,"column":4},"end":{"line":82,"column":5}},"41":{"start":{"line":75,"column":6},"end":{"line":75,"column":52}},"42":{"start":{"line":76,"column":6},"end":{"line":76,"column":55}},"43":{"start":{"line":77,"column":6},"end":{"line":77,"column":50}},"44":{"start":{"line":79,"column":6},"end":{"line":79,"column":51}},"45":{"start":{"line":80,"column":6},"end":{"line":80,"column":56}},"46":{"start":{"line":81,"column":6},"end":{"line":81,"column":49}},"47":{"start":{"line":84,"column":4},"end":{"line":84,"column":38}},"48":{"start":{"line":85,"column":4},"end":{"line":85,"column":33}}},"fnMap":{"0":{"name":"View","decl":{"start":{"line":1,"column":9},"end":{"line":1,"column":13}},"loc":{"start":{"line":1,"column":21},"end":{"line":6,"column":1}},"line":1},"1":{"name":"createNode","decl":{"start":{"line":9,"column":9},"end":{"line":9,"column":19}},"loc":{"start":{"line":9,"column":37},"end":{"line":17,"column":1}},"line":9},"2":{"name":"(anonymous_2)","decl":{"start":{"line":12,"column":28},"end":{"line":12,"column":29}},"loc":{"start":{"line":12,"column":37},"end":{"line":14,"column":3}},"line":12},"3":{"name":"(anonymous_3)","decl":{"start":{"line":20,"column":2},"end":{"line":20,"column":3}},"loc":{"start":{"line":20,"column":21},"end":{"line":68,"column":3}},"line":20},"4":{"name":"(anonymous_4)","decl":{"start":{"line":42,"column":59},"end":{"line":42,"column":60}},"loc":{"start":{"line":42,"column":67},"end":{"line":44,"column":5}},"line":42},"5":{"name":"(anonymous_5)","decl":{"start":{"line":69,"column":2},"end":{"line":69,"column":3}},"loc":{"start":{"line":69,"column":11},"end":{"line":86,"column":3}},"line":69}},"branchMap":{"0":{"loc":{"start":{"line":4,"column":2},"end":{"line":4,"column":101}},"type":"if","locations":[{"start":{"line":4,"column":2},"end":{"line":4,"column":101}},{"start":{"line":4,"column":2},"end":{"line":4,"column":101}}],"line":4},"1":{"loc":{"start":{"line":9,"column":26},"end":{"line":9,"column":35}},"type":"default-arg","locations":[{"start":{"line":9,"column":33},"end":{"line":9,"column":35}}],"line":9},"2":{"loc":{"start":{"line":22,"column":21},"end":{"line":22,"column":63}},"type":"cond-expr","locations":[{"start":{"line":22,"column":36},"end":{"line":22,"column":48}},{"start":{"line":22,"column":51},"end":{"line":22,"column":63}}],"line":22},"3":{"loc":{"start":{"line":23,"column":24},"end":{"line":23,"column":92}},"type":"cond-expr","locations":[{"start":{"line":23,"column":55},"end":{"line":23,"column":74}},{"start":{"line":23,"column":77},"end":{"line":23,"column":92}}],"line":23},"4":{"loc":{"start":{"line":46,"column":4},"end":{"line":55,"column":5}},"type":"if","locations":[{"start":{"line":46,"column":4},"end":{"line":55,"column":5}},{"start":{"line":46,"column":4},"end":{"line":55,"column":5}}],"line":46},"5":{"loc":{"start":{"line":51,"column":51},"end":{"line":51,"column":98}},"type":"cond-expr","locations":[{"start":{"line":51,"column":66},"end":{"line":51,"column":81}},{"start":{"line":51,"column":84},"end":{"line":51,"column":98}}],"line":51},"6":{"loc":{"start":{"line":64,"column":16},"end":{"line":64,"column":79}},"type":"cond-expr","locations":[{"start":{"line":64,"column":31},"end":{"line":64,"column":53}},{"start":{"line":64,"column":56},"end":{"line":64,"column":79}}],"line":64},"7":{"loc":{"start":{"line":74,"column":4},"end":{"line":82,"column":5}},"type":"if","locations":[{"start":{"line":74,"column":4},"end":{"line":82,"column":5}},{"start":{"line":74,"column":4},"end":{"line":82,"column":5}}],"line":74}},"s":{"0":2,"1":2,"2":2,"3":0,"4":2,"5":24,"6":24,"7":28,"8":24,"9":2,"10":4,"11":4,"12":4,"13":4,"14":4,"15":4,"16":4,"17":4,"18":4,"19":4,"20":12,"21":4,"22":0,"23":0,"24":0,"25":0,"26":0,"27":0,"28":0,"29":4,"30":4,"31":4,"32":4,"33":4,"34":4,"35":4,"36":4,"37":5,"38":5,"39":5,"40":5,"41":5,"42":5,"43":5,"44":0,"45":0,"46":0,"47":5,"48":5},"f":{"0":2,"1":24,"2":28,"3":4,"4":12,"5":5},"b":{"0":[0,2],"1":[0],"2":[4,0],"3":[4,0],"4":[0,4],"5":[0,0],"6":[4,0],"7":[5,0]},"_coverageSchema":"43e27e138ebf9cfc5966b082cf9a028302ed4184","hash":"95fcf83eaf7ed83f03dedce4d9a5532dee2d0235"}
}
