{"E:\\Programming\\github\\repos\\slider-plugin\\src\\js\\controller\\controller.js": {"path":"E:\\Programming\\github\\repos\\slider-plugin\\src\\js\\controller\\controller.js","statementMap":{"0":{"start":{"line":4,"column":2},"end":{"line":4,"column":21}},"1":{"start":{"line":5,"column":2},"end":{"line":5,"column":19}},"2":{"start":{"line":7,"column":2},"end":{"line":7,"column":44}},"3":{"start":{"line":8,"column":2},"end":{"line":8,"column":42}},"4":{"start":{"line":9,"column":2},"end":{"line":9,"column":44}},"5":{"start":{"line":11,"column":2},"end":{"line":11,"column":18}}},"fnMap":{"0":{"name":"Controller","decl":{"start":{"line":3,"column":9},"end":{"line":3,"column":19}},"loc":{"start":{"line":3,"column":33},"end":{"line":12,"column":1}},"line":3}},"branchMap":{},"s":{"0":2,"1":2,"2":2,"3":2,"4":2,"5":2},"f":{"0":2},"b":{},"_coverageSchema":"43e27e138ebf9cfc5966b082cf9a028302ed4184","hash":"bb0f00814de9e0e92261fad5c8f709c658aa5305"}
,"E:\\Programming\\github\\repos\\slider-plugin\\src\\js\\controller\\utils.js": {"path":"E:\\Programming\\github\\repos\\slider-plugin\\src\\js\\controller\\utils.js","statementMap":{"0":{"start":{"line":2,"column":2},"end":{"line":7,"column":11}},"1":{"start":{"line":7,"column":4},"end":{"line":7,"column":11}},"2":{"start":{"line":16,"column":6},"end":{"line":16,"column":27}},"3":{"start":{"line":18,"column":15},"end":{"line":18,"column":47}},"4":{"start":{"line":19,"column":14},"end":{"line":19,"column":71}},"5":{"start":{"line":20,"column":17},"end":{"line":20,"column":26}},"6":{"start":{"line":21,"column":19},"end":{"line":21,"column":66}},"7":{"start":{"line":23,"column":2},"end":{"line":31,"column":3}},"8":{"start":{"line":24,"column":4},"end":{"line":28,"column":5}},"9":{"start":{"line":25,"column":6},"end":{"line":25,"column":58}},"10":{"start":{"line":27,"column":6},"end":{"line":27,"column":59}},"11":{"start":{"line":30,"column":4},"end":{"line":30,"column":51}},"12":{"start":{"line":35,"column":35},"end":{"line":35,"column":56}},"13":{"start":{"line":37,"column":2},"end":{"line":42,"column":3}},"14":{"start":{"line":38,"column":18},"end":{"line":38,"column":59}},"15":{"start":{"line":39,"column":4},"end":{"line":39,"column":48}},"16":{"start":{"line":41,"column":4},"end":{"line":41,"column":51}},"17":{"start":{"line":46,"column":20},"end":{"line":46,"column":24}},"18":{"start":{"line":47,"column":27},"end":{"line":47,"column":44}},"19":{"start":{"line":48,"column":45},"end":{"line":48,"column":61}},"20":{"start":{"line":49,"column":17},"end":{"line":49,"column":25}},"21":{"start":{"line":50,"column":12},"end":{"line":50,"column":29}},"22":{"start":{"line":51,"column":12},"end":{"line":51,"column":28}},"23":{"start":{"line":52,"column":13},"end":{"line":52,"column":22}},"24":{"start":{"line":53,"column":13},"end":{"line":53,"column":22}},"25":{"start":{"line":56,"column":16},"end":{"line":56,"column":70}},"26":{"start":{"line":57,"column":21},"end":{"line":57,"column":55}},"27":{"start":{"line":59,"column":4},"end":{"line":67,"column":5}},"28":{"start":{"line":60,"column":6},"end":{"line":64,"column":7}},"29":{"start":{"line":61,"column":8},"end":{"line":61,"column":55}},"30":{"start":{"line":63,"column":8},"end":{"line":63,"column":56}},"31":{"start":{"line":66,"column":6},"end":{"line":66,"column":48}},"32":{"start":{"line":70,"column":2},"end":{"line":70,"column":51}},"33":{"start":{"line":72,"column":2},"end":{"line":74,"column":5}},"34":{"start":{"line":73,"column":4},"end":{"line":73,"column":56}}},"fnMap":{"0":{"name":"handleClick","decl":{"start":{"line":1,"column":9},"end":{"line":1,"column":20}},"loc":{"start":{"line":1,"column":24},"end":{"line":32,"column":1}},"line":1},"1":{"name":"handleInput","decl":{"start":{"line":34,"column":9},"end":{"line":34,"column":20}},"loc":{"start":{"line":34,"column":24},"end":{"line":43,"column":1}},"line":34},"2":{"name":"handleDrag","decl":{"start":{"line":45,"column":9},"end":{"line":45,"column":19}},"loc":{"start":{"line":45,"column":23},"end":{"line":75,"column":1}},"line":45},"3":{"name":"moveHandle","decl":{"start":{"line":55,"column":11},"end":{"line":55,"column":21}},"loc":{"start":{"line":55,"column":26},"end":{"line":68,"column":3}},"line":55},"4":{"name":"(anonymous_4)","decl":{"start":{"line":72,"column":37},"end":{"line":72,"column":38}},"loc":{"start":{"line":72,"column":43},"end":{"line":74,"column":3}},"line":72}},"branchMap":{"0":{"loc":{"start":{"line":2,"column":2},"end":{"line":7,"column":11}},"type":"if","locations":[{"start":{"line":2,"column":2},"end":{"line":7,"column":11}},{"start":{"line":2,"column":2},"end":{"line":7,"column":11}}],"line":2},"1":{"loc":{"start":{"line":3,"column":4},"end":{"line":5,"column":41}},"type":"binary-expr","locations":[{"start":{"line":3,"column":4},"end":{"line":3,"column":50}},{"start":{"line":4,"column":4},"end":{"line":4,"column":41}},{"start":{"line":5,"column":4},"end":{"line":5,"column":41}}],"line":3},"2":{"loc":{"start":{"line":19,"column":14},"end":{"line":19,"column":71}},"type":"cond-expr","locations":[{"start":{"line":19,"column":27},"end":{"line":19,"column":48}},{"start":{"line":19,"column":51},"end":{"line":19,"column":71}}],"line":19},"3":{"loc":{"start":{"line":23,"column":2},"end":{"line":31,"column":3}},"type":"if","locations":[{"start":{"line":23,"column":2},"end":{"line":31,"column":3}},{"start":{"line":23,"column":2},"end":{"line":31,"column":3}}],"line":23},"4":{"loc":{"start":{"line":24,"column":4},"end":{"line":28,"column":5}},"type":"if","locations":[{"start":{"line":24,"column":4},"end":{"line":28,"column":5}},{"start":{"line":24,"column":4},"end":{"line":28,"column":5}}],"line":24},"5":{"loc":{"start":{"line":37,"column":2},"end":{"line":42,"column":3}},"type":"if","locations":[{"start":{"line":37,"column":2},"end":{"line":42,"column":3}},{"start":{"line":37,"column":2},"end":{"line":42,"column":3}}],"line":37},"6":{"loc":{"start":{"line":56,"column":16},"end":{"line":56,"column":70}},"type":"cond-expr","locations":[{"start":{"line":56,"column":29},"end":{"line":56,"column":48}},{"start":{"line":56,"column":51},"end":{"line":56,"column":70}}],"line":56},"7":{"loc":{"start":{"line":59,"column":4},"end":{"line":67,"column":5}},"type":"if","locations":[{"start":{"line":59,"column":4},"end":{"line":67,"column":5}},{"start":{"line":59,"column":4},"end":{"line":67,"column":5}}],"line":59},"8":{"loc":{"start":{"line":60,"column":6},"end":{"line":64,"column":7}},"type":"if","locations":[{"start":{"line":60,"column":6},"end":{"line":64,"column":7}},{"start":{"line":60,"column":6},"end":{"line":64,"column":7}}],"line":60}},"s":{"0":2,"1":0,"2":2,"3":2,"4":2,"5":2,"6":2,"7":2,"8":0,"9":0,"10":0,"11":2,"12":2,"13":2,"14":0,"15":0,"16":2,"17":2,"18":2,"19":2,"20":2,"21":2,"22":2,"23":2,"24":2,"25":0,"26":0,"27":0,"28":0,"29":0,"30":0,"31":0,"32":2,"33":2,"34":0},"f":{"0":2,"1":2,"2":2,"3":0,"4":0},"b":{"0":[0,2],"1":[2,0,0],"2":[2,0],"3":[0,2],"4":[0,0],"5":[0,2],"6":[0,0],"7":[0,0],"8":[0,0]},"_coverageSchema":"43e27e138ebf9cfc5966b082cf9a028302ed4184","hash":"ef5fdc7de0f4dc49ad3829543af837746d86fa28"}
,"E:\\Programming\\github\\repos\\slider-plugin\\src\\js\\model\\SliderError.js": {"path":"E:\\Programming\\github\\repos\\slider-plugin\\src\\js\\model\\SliderError.js","statementMap":{"0":{"start":{"line":3,"column":4},"end":{"line":3,"column":19}},"1":{"start":{"line":4,"column":4},"end":{"line":4,"column":21}},"2":{"start":{"line":8,"column":4},"end":{"line":8,"column":44}},"3":{"start":{"line":14,"column":4},"end":{"line":14,"column":35}}},"fnMap":{"0":{"name":"(anonymous_0)","decl":{"start":{"line":2,"column":2},"end":{"line":2,"column":3}},"loc":{"start":{"line":2,"column":41},"end":{"line":5,"column":3}},"line":2},"1":{"name":"(anonymous_1)","decl":{"start":{"line":7,"column":2},"end":{"line":7,"column":3}},"loc":{"start":{"line":7,"column":15},"end":{"line":9,"column":3}},"line":7},"2":{"name":"(anonymous_2)","decl":{"start":{"line":11,"column":2},"end":{"line":11,"column":3}},"loc":{"start":{"line":11,"column":9},"end":{"line":15,"column":3}},"line":11}},"branchMap":{"0":{"loc":{"start":{"line":2,"column":23},"end":{"line":2,"column":39}},"type":"default-arg","locations":[{"start":{"line":2,"column":30},"end":{"line":2,"column":39}}],"line":2}},"s":{"0":18,"1":18,"2":2,"3":1},"f":{"0":18,"1":2,"2":1},"b":{"0":[0]},"_coverageSchema":"43e27e138ebf9cfc5966b082cf9a028302ed4184","hash":"9667865eacc597e2058e5087898d577669d8b97f"}
,"E:\\Programming\\github\\repos\\slider-plugin\\src\\js\\model\\model.js": {"path":"E:\\Programming\\github\\repos\\slider-plugin\\src\\js\\model\\model.js","statementMap":{"0":{"start":{"line":5,"column":14},"end":{"line":138,"column":1}},"1":{"start":{"line":6,"column":16},"end":{"line":6,"column":33}},"2":{"start":{"line":7,"column":2},"end":{"line":7,"column":34}},"3":{"start":{"line":10,"column":14},"end":{"line":10,"column":35}},"4":{"start":{"line":12,"column":4},"end":{"line":14,"column":5}},"5":{"start":{"line":13,"column":6},"end":{"line":13,"column":17}},"6":{"start":{"line":16,"column":4},"end":{"line":53,"column":5}},"7":{"start":{"line":20,"column":8},"end":{"line":21,"column":40}},"8":{"start":{"line":21,"column":10},"end":{"line":21,"column":40}},"9":{"start":{"line":22,"column":8},"end":{"line":23,"column":41}},"10":{"start":{"line":23,"column":10},"end":{"line":23,"column":41}},"11":{"start":{"line":24,"column":8},"end":{"line":24,"column":58}},"12":{"start":{"line":24,"column":35},"end":{"line":24,"column":58}},"13":{"start":{"line":25,"column":8},"end":{"line":25,"column":58}},"14":{"start":{"line":25,"column":35},"end":{"line":25,"column":58}},"15":{"start":{"line":27,"column":8},"end":{"line":30,"column":67}},"16":{"start":{"line":31,"column":8},"end":{"line":31,"column":19}},"17":{"start":{"line":33,"column":8},"end":{"line":35,"column":9}},"18":{"start":{"line":34,"column":10},"end":{"line":34,"column":72}},"19":{"start":{"line":36,"column":8},"end":{"line":36,"column":14}},"20":{"start":{"line":38,"column":8},"end":{"line":40,"column":9}},"21":{"start":{"line":39,"column":10},"end":{"line":39,"column":72}},"22":{"start":{"line":41,"column":8},"end":{"line":41,"column":14}},"23":{"start":{"line":43,"column":8},"end":{"line":49,"column":9}},"24":{"start":{"line":48,"column":10},"end":{"line":48,"column":74}},"25":{"start":{"line":50,"column":8},"end":{"line":50,"column":14}},"26":{"start":{"line":52,"column":8},"end":{"line":52,"column":14}},"27":{"start":{"line":55,"column":4},"end":{"line":55,"column":15}},"28":{"start":{"line":59,"column":4},"end":{"line":74,"column":7}},"29":{"start":{"line":60,"column":6},"end":{"line":73,"column":7}},"30":{"start":{"line":61,"column":8},"end":{"line":70,"column":9}},"31":{"start":{"line":63,"column":12},"end":{"line":63,"column":30}},"32":{"start":{"line":64,"column":12},"end":{"line":64,"column":18}},"33":{"start":{"line":66,"column":12},"end":{"line":66,"column":30}},"34":{"start":{"line":67,"column":12},"end":{"line":67,"column":18}},"35":{"start":{"line":69,"column":12},"end":{"line":69,"column":53}},"36":{"start":{"line":72,"column":8},"end":{"line":72,"column":27}},"37":{"start":{"line":78,"column":16},"end":{"line":78,"column":34}},"38":{"start":{"line":79,"column":4},"end":{"line":84,"column":5}},"39":{"start":{"line":80,"column":6},"end":{"line":80,"column":48}},"40":{"start":{"line":81,"column":6},"end":{"line":81,"column":17}},"41":{"start":{"line":83,"column":6},"end":{"line":83,"column":29}},"42":{"start":{"line":87,"column":19},"end":{"line":123,"column":3}},"43":{"start":{"line":88,"column":4},"end":{"line":91,"column":5}},"44":{"start":{"line":89,"column":6},"end":{"line":89,"column":36}},"45":{"start":{"line":90,"column":6},"end":{"line":90,"column":13}},"46":{"start":{"line":93,"column":17},"end":{"line":93,"column":37}},"47":{"start":{"line":94,"column":25},"end":{"line":96,"column":5}},"48":{"start":{"line":95,"column":13},"end":{"line":95,"column":77}},"49":{"start":{"line":98,"column":4},"end":{"line":100,"column":7}},"50":{"start":{"line":99,"column":6},"end":{"line":99,"column":34}},"51":{"start":{"line":102,"column":21},"end":{"line":102,"column":61}},"52":{"start":{"line":105,"column":4},"end":{"line":113,"column":5}},"53":{"start":{"line":106,"column":20},"end":{"line":106,"column":64}},"54":{"start":{"line":107,"column":21},"end":{"line":107,"column":67}},"55":{"start":{"line":109,"column":6},"end":{"line":109,"column":36}},"56":{"start":{"line":110,"column":6},"end":{"line":110,"column":38}},"57":{"start":{"line":112,"column":6},"end":{"line":112,"column":60}},"58":{"start":{"line":116,"column":4},"end":{"line":122,"column":5}},"59":{"start":{"line":117,"column":6},"end":{"line":117,"column":23}},"60":{"start":{"line":119,"column":6},"end":{"line":121,"column":16}},"61":{"start":{"line":120,"column":8},"end":{"line":120,"column":25}},"62":{"start":{"line":125,"column":2},"end":{"line":125,"column":20}},"63":{"start":{"line":128,"column":2},"end":{"line":137,"column":4}},"64":{"start":{"line":130,"column":21},"end":{"line":130,"column":39}},"65":{"start":{"line":135,"column":6},"end":{"line":135,"column":31}}},"fnMap":{"0":{"name":"Model","decl":{"start":{"line":5,"column":23},"end":{"line":5,"column":28}},"loc":{"start":{"line":5,"column":53},"end":{"line":138,"column":1}},"line":5},"1":{"name":"validate","decl":{"start":{"line":9,"column":11},"end":{"line":9,"column":19}},"loc":{"start":{"line":9,"column":32},"end":{"line":56,"column":3}},"line":9},"2":{"name":"notify","decl":{"start":{"line":58,"column":11},"end":{"line":58,"column":17}},"loc":{"start":{"line":58,"column":24},"end":{"line":75,"column":3}},"line":58},"3":{"name":"(anonymous_3)","decl":{"start":{"line":59,"column":28},"end":{"line":59,"column":29}},"loc":{"start":{"line":59,"column":40},"end":{"line":74,"column":5}},"line":59},"4":{"name":"setValue","decl":{"start":{"line":77,"column":11},"end":{"line":77,"column":19}},"loc":{"start":{"line":77,"column":30},"end":{"line":85,"column":3}},"line":77},"5":{"name":"(anonymous_5)","decl":{"start":{"line":87,"column":19},"end":{"line":87,"column":20}},"loc":{"start":{"line":87,"column":37},"end":{"line":123,"column":3}},"line":87},"6":{"name":"(anonymous_6)","decl":{"start":{"line":95,"column":6},"end":{"line":95,"column":7}},"loc":{"start":{"line":95,"column":13},"end":{"line":95,"column":77}},"line":95},"7":{"name":"(anonymous_7)","decl":{"start":{"line":98,"column":25},"end":{"line":98,"column":26}},"loc":{"start":{"line":98,"column":32},"end":{"line":100,"column":5}},"line":98},"8":{"name":"(anonymous_8)","decl":{"start":{"line":119,"column":15},"end":{"line":119,"column":16}},"loc":{"start":{"line":119,"column":21},"end":{"line":121,"column":7}},"line":119},"9":{"name":"(anonymous_9)","decl":{"start":{"line":130,"column":14},"end":{"line":130,"column":15}},"loc":{"start":{"line":130,"column":21},"end":{"line":130,"column":39}},"line":130},"10":{"name":"(anonymous_10)","decl":{"start":{"line":134,"column":4},"end":{"line":134,"column":5}},"loc":{"start":{"line":134,"column":20},"end":{"line":136,"column":5}},"line":134}},"branchMap":{"0":{"loc":{"start":{"line":5,"column":39},"end":{"line":5,"column":51}},"type":"default-arg","locations":[{"start":{"line":5,"column":49},"end":{"line":5,"column":51}}],"line":5},"1":{"loc":{"start":{"line":12,"column":4},"end":{"line":14,"column":5}},"type":"if","locations":[{"start":{"line":12,"column":4},"end":{"line":14,"column":5}},{"start":{"line":12,"column":4},"end":{"line":14,"column":5}}],"line":12},"2":{"loc":{"start":{"line":16,"column":4},"end":{"line":53,"column":5}},"type":"switch","locations":[{"start":{"line":17,"column":6},"end":{"line":17,"column":19}},{"start":{"line":18,"column":6},"end":{"line":18,"column":24}},{"start":{"line":19,"column":6},"end":{"line":31,"column":19}},{"start":{"line":32,"column":6},"end":{"line":36,"column":14}},{"start":{"line":37,"column":6},"end":{"line":41,"column":14}},{"start":{"line":42,"column":6},"end":{"line":50,"column":14}},{"start":{"line":51,"column":6},"end":{"line":52,"column":14}}],"line":16},"3":{"loc":{"start":{"line":20,"column":8},"end":{"line":21,"column":40}},"type":"if","locations":[{"start":{"line":20,"column":8},"end":{"line":21,"column":40}},{"start":{"line":20,"column":8},"end":{"line":21,"column":40}}],"line":20},"4":{"loc":{"start":{"line":20,"column":12},"end":{"line":20,"column":66}},"type":"binary-expr","locations":[{"start":{"line":20,"column":12},"end":{"line":20,"column":32}},{"start":{"line":20,"column":36},"end":{"line":20,"column":66}}],"line":20},"5":{"loc":{"start":{"line":22,"column":8},"end":{"line":23,"column":41}},"type":"if","locations":[{"start":{"line":22,"column":8},"end":{"line":23,"column":41}},{"start":{"line":22,"column":8},"end":{"line":23,"column":41}}],"line":22},"6":{"loc":{"start":{"line":22,"column":12},"end":{"line":22,"column":66}},"type":"binary-expr","locations":[{"start":{"line":22,"column":12},"end":{"line":22,"column":33}},{"start":{"line":22,"column":37},"end":{"line":22,"column":66}}],"line":22},"7":{"loc":{"start":{"line":24,"column":8},"end":{"line":24,"column":58}},"type":"if","locations":[{"start":{"line":24,"column":8},"end":{"line":24,"column":58}},{"start":{"line":24,"column":8},"end":{"line":24,"column":58}}],"line":24},"8":{"loc":{"start":{"line":25,"column":8},"end":{"line":25,"column":58}},"type":"if","locations":[{"start":{"line":25,"column":8},"end":{"line":25,"column":58}},{"start":{"line":25,"column":8},"end":{"line":25,"column":58}}],"line":25},"9":{"loc":{"start":{"line":33,"column":8},"end":{"line":35,"column":9}},"type":"if","locations":[{"start":{"line":33,"column":8},"end":{"line":35,"column":9}},{"start":{"line":33,"column":8},"end":{"line":35,"column":9}}],"line":33},"10":{"loc":{"start":{"line":38,"column":8},"end":{"line":40,"column":9}},"type":"if","locations":[{"start":{"line":38,"column":8},"end":{"line":40,"column":9}},{"start":{"line":38,"column":8},"end":{"line":40,"column":9}}],"line":38},"11":{"loc":{"start":{"line":43,"column":8},"end":{"line":49,"column":9}},"type":"if","locations":[{"start":{"line":43,"column":8},"end":{"line":49,"column":9}},{"start":{"line":43,"column":8},"end":{"line":49,"column":9}}],"line":43},"12":{"loc":{"start":{"line":44,"column":10},"end":{"line":46,"column":49}},"type":"binary-expr","locations":[{"start":{"line":44,"column":10},"end":{"line":44,"column":18}},{"start":{"line":45,"column":10},"end":{"line":45,"column":57}},{"start":{"line":46,"column":10},"end":{"line":46,"column":49}}],"line":44},"13":{"loc":{"start":{"line":61,"column":8},"end":{"line":70,"column":9}},"type":"switch","locations":[{"start":{"line":62,"column":10},"end":{"line":64,"column":18}},{"start":{"line":65,"column":10},"end":{"line":67,"column":18}},{"start":{"line":68,"column":10},"end":{"line":69,"column":53}}],"line":61},"14":{"loc":{"start":{"line":79,"column":4},"end":{"line":84,"column":5}},"type":"if","locations":[{"start":{"line":79,"column":4},"end":{"line":84,"column":5}},{"start":{"line":79,"column":4},"end":{"line":84,"column":5}}],"line":79},"15":{"loc":{"start":{"line":87,"column":20},"end":{"line":87,"column":32}},"type":"default-arg","locations":[{"start":{"line":87,"column":30},"end":{"line":87,"column":32}}],"line":87},"16":{"loc":{"start":{"line":88,"column":4},"end":{"line":91,"column":5}},"type":"if","locations":[{"start":{"line":88,"column":4},"end":{"line":91,"column":5}},{"start":{"line":88,"column":4},"end":{"line":91,"column":5}}],"line":88},"17":{"loc":{"start":{"line":95,"column":13},"end":{"line":95,"column":77}},"type":"binary-expr","locations":[{"start":{"line":95,"column":13},"end":{"line":95,"column":28}},{"start":{"line":95,"column":32},"end":{"line":95,"column":52}},{"start":{"line":95,"column":56},"end":{"line":95,"column":77}}],"line":95},"18":{"loc":{"start":{"line":102,"column":21},"end":{"line":102,"column":61}},"type":"binary-expr","locations":[{"start":{"line":102,"column":21},"end":{"line":102,"column":41}},{"start":{"line":102,"column":45},"end":{"line":102,"column":61}}],"line":102},"19":{"loc":{"start":{"line":105,"column":4},"end":{"line":113,"column":5}},"type":"if","locations":[{"start":{"line":105,"column":4},"end":{"line":113,"column":5}},{"start":{"line":105,"column":4},"end":{"line":113,"column":5}}],"line":105},"20":{"loc":{"start":{"line":106,"column":20},"end":{"line":106,"column":64}},"type":"binary-expr","locations":[{"start":{"line":106,"column":20},"end":{"line":106,"column":38}},{"start":{"line":106,"column":42},"end":{"line":106,"column":64}}],"line":106},"21":{"loc":{"start":{"line":107,"column":21},"end":{"line":107,"column":67}},"type":"binary-expr","locations":[{"start":{"line":107,"column":21},"end":{"line":107,"column":40}},{"start":{"line":107,"column":44},"end":{"line":107,"column":67}}],"line":107},"22":{"loc":{"start":{"line":112,"column":24},"end":{"line":112,"column":58}},"type":"binary-expr","locations":[{"start":{"line":112,"column":24},"end":{"line":112,"column":37}},{"start":{"line":112,"column":41},"end":{"line":112,"column":58}}],"line":112},"23":{"loc":{"start":{"line":116,"column":4},"end":{"line":122,"column":5}},"type":"if","locations":[{"start":{"line":116,"column":4},"end":{"line":122,"column":5}},{"start":{"line":116,"column":4},"end":{"line":122,"column":5}}],"line":116}},"s":{"0":3,"1":7,"2":7,"3":41,"4":41,"5":13,"6":28,"7":20,"8":0,"9":20,"10":0,"11":20,"12":1,"13":19,"14":2,"15":17,"16":17,"17":3,"18":1,"19":2,"20":2,"21":1,"22":1,"23":3,"24":3,"25":0,"26":0,"27":3,"28":11,"29":4,"30":4,"31":4,"32":4,"33":0,"34":0,"35":0,"36":0,"37":16,"38":16,"39":1,"40":1,"41":15,"42":7,"43":13,"44":0,"45":0,"46":13,"47":13,"48":10,"49":13,"50":3,"51":13,"52":13,"53":0,"54":0,"55":0,"56":0,"57":13,"58":13,"59":11,"60":2,"61":0,"62":7,"63":7,"64":37,"65":2},"f":{"0":7,"1":41,"2":11,"3":4,"4":16,"5":13,"6":10,"7":3,"8":0,"9":37,"10":2},"b":{"0":[4],"1":[13,28],"2":[20,20,20,3,2,3,0],"3":[0,20],"4":[20,0],"5":[0,20],"6":[20,0],"7":[1,19],"8":[2,17],"9":[1,2],"10":[1,1],"11":[3,0],"12":[3,2,0],"13":[4,0,0],"14":[1,15],"15":[0],"16":[0,13],"17":[10,3,3],"18":[13,13],"19":[0,13],"20":[0,0],"21":[0,0],"22":[13,9],"23":[11,2]},"_coverageSchema":"43e27e138ebf9cfc5966b082cf9a028302ed4184","hash":"ade464e298e9d2ec72fec42e5836dbebb58e4edb"}
,"E:\\Programming\\github\\repos\\slider-plugin\\src\\js\\model\\utils.js": {"path":"E:\\Programming\\github\\repos\\slider-plugin\\src\\js\\model\\utils.js","statementMap":{"0":{"start":{"line":3,"column":24},"end":{"line":25,"column":4}},"1":{"start":{"line":4,"column":19},"end":{"line":15,"column":3}},"2":{"start":{"line":17,"column":2},"end":{"line":24,"column":4}},"3":{"start":{"line":18,"column":18},"end":{"line":22,"column":5}},"4":{"start":{"line":23,"column":4},"end":{"line":23,"column":17}},"5":{"start":{"line":28,"column":2},"end":{"line":47,"column":3}},"6":{"start":{"line":35,"column":6},"end":{"line":37,"column":26}},"7":{"start":{"line":42,"column":6},"end":{"line":44,"column":14}},"8":{"start":{"line":46,"column":6},"end":{"line":46,"column":70}},"9":{"start":{"line":50,"column":17},"end":{"line":57,"column":1}},"10":{"start":{"line":52,"column":2},"end":{"line":56,"column":4}},"11":{"start":{"line":53,"column":20},"end":{"line":53,"column":24}},"12":{"start":{"line":54,"column":4},"end":{"line":54,"column":29}},"13":{"start":{"line":55,"column":4},"end":{"line":55,"column":68}},"14":{"start":{"line":55,"column":34},"end":{"line":55,"column":59}}},"fnMap":{"0":{"name":"getInitialState","decl":{"start":{"line":3,"column":34},"end":{"line":3,"column":49}},"loc":{"start":{"line":3,"column":52},"end":{"line":25,"column":1}},"line":3},"1":{"name":"createModel","decl":{"start":{"line":17,"column":18},"end":{"line":17,"column":29}},"loc":{"start":{"line":17,"column":32},"end":{"line":24,"column":3}},"line":17},"2":{"name":"checkType","decl":{"start":{"line":27,"column":9},"end":{"line":27,"column":18}},"loc":{"start":{"line":27,"column":29},"end":{"line":48,"column":1}},"line":27},"3":{"name":"(anonymous_3)","decl":{"start":{"line":50,"column":17},"end":{"line":50,"column":18}},"loc":{"start":{"line":50,"column":34},"end":{"line":57,"column":1}},"line":50},"4":{"name":"callFunction","decl":{"start":{"line":52,"column":18},"end":{"line":52,"column":30}},"loc":{"start":{"line":52,"column":40},"end":{"line":56,"column":3}},"line":52},"5":{"name":"(anonymous_5)","decl":{"start":{"line":55,"column":28},"end":{"line":55,"column":29}},"loc":{"start":{"line":55,"column":34},"end":{"line":55,"column":59}},"line":55}},"branchMap":{"0":{"loc":{"start":{"line":28,"column":2},"end":{"line":47,"column":3}},"type":"switch","locations":[{"start":{"line":29,"column":4},"end":{"line":29,"column":17}},{"start":{"line":30,"column":4},"end":{"line":30,"column":22}},{"start":{"line":31,"column":4},"end":{"line":31,"column":23}},{"start":{"line":32,"column":4},"end":{"line":32,"column":15}},{"start":{"line":33,"column":4},"end":{"line":33,"column":15}},{"start":{"line":34,"column":4},"end":{"line":37,"column":26}},{"start":{"line":38,"column":4},"end":{"line":38,"column":20}},{"start":{"line":39,"column":4},"end":{"line":39,"column":22}},{"start":{"line":40,"column":4},"end":{"line":40,"column":21}},{"start":{"line":41,"column":4},"end":{"line":44,"column":14}},{"start":{"line":45,"column":4},"end":{"line":46,"column":70}}],"line":28},"1":{"loc":{"start":{"line":35,"column":13},"end":{"line":37,"column":25}},"type":"cond-expr","locations":[{"start":{"line":36,"column":10},"end":{"line":36,"column":62}},{"start":{"line":37,"column":10},"end":{"line":37,"column":25}}],"line":35},"2":{"loc":{"start":{"line":42,"column":13},"end":{"line":44,"column":13}},"type":"cond-expr","locations":[{"start":{"line":43,"column":10},"end":{"line":43,"column":64}},{"start":{"line":44,"column":10},"end":{"line":44,"column":13}}],"line":42}},"s":{"0":3,"1":3,"2":3,"3":7,"4":7,"5":41,"6":36,"7":4,"8":1,"9":3,"10":2,"11":2,"12":2,"13":2,"14":0},"f":{"0":3,"1":7,"2":41,"3":2,"4":2,"5":0},"b":{"0":[23,24,25,28,32,36,1,2,3,4,1],"1":[8,28],"2":[4,0]},"_coverageSchema":"43e27e138ebf9cfc5966b082cf9a028302ed4184","hash":"4778cb7f90f998c6ae08fbbace6209b394c1a610"}
,"E:\\Programming\\github\\repos\\slider-plugin\\src\\js\\view\\utils.js": {"path":"E:\\Programming\\github\\repos\\slider-plugin\\src\\js\\view\\utils.js","statementMap":{"0":{"start":{"line":3,"column":15},"end":{"line":3,"column":43}},"1":{"start":{"line":5,"column":2},"end":{"line":7,"column":5}},"2":{"start":{"line":6,"column":4},"end":{"line":6,"column":38}},"3":{"start":{"line":9,"column":2},"end":{"line":9,"column":14}},"4":{"start":{"line":22,"column":6},"end":{"line":22,"column":22}},"5":{"start":{"line":24,"column":19},"end":{"line":24,"column":59}},"6":{"start":{"line":25,"column":22},"end":{"line":25,"column":72}},"7":{"start":{"line":27,"column":14},"end":{"line":38,"column":3}},"8":{"start":{"line":40,"column":2},"end":{"line":40,"column":39}},"9":{"start":{"line":41,"column":2},"end":{"line":41,"column":40}},"10":{"start":{"line":42,"column":2},"end":{"line":42,"column":43}},"11":{"start":{"line":44,"column":2},"end":{"line":52,"column":3}},"12":{"start":{"line":45,"column":4},"end":{"line":45,"column":51}},"13":{"start":{"line":46,"column":4},"end":{"line":46,"column":58}},"14":{"start":{"line":47,"column":4},"end":{"line":47,"column":52}},"15":{"start":{"line":48,"column":4},"end":{"line":48,"column":60}},"16":{"start":{"line":49,"column":4},"end":{"line":49,"column":45}},"17":{"start":{"line":50,"column":4},"end":{"line":50,"column":46}},"18":{"start":{"line":51,"column":4},"end":{"line":51,"column":65}},"19":{"start":{"line":54,"column":2},"end":{"line":62,"column":7}},"20":{"start":{"line":56,"column":18},"end":{"line":56,"column":63}},"21":{"start":{"line":57,"column":6},"end":{"line":57,"column":26}},"22":{"start":{"line":58,"column":6},"end":{"line":58,"column":17}},"23":{"start":{"line":61,"column":6},"end":{"line":61,"column":37}},"24":{"start":{"line":63,"column":2},"end":{"line":63,"column":29}},"25":{"start":{"line":65,"column":19},"end":{"line":74,"column":50}},"26":{"start":{"line":76,"column":2},"end":{"line":78,"column":5}},"27":{"start":{"line":77,"column":4},"end":{"line":77,"column":31}},"28":{"start":{"line":80,"column":2},"end":{"line":90,"column":3}},"29":{"start":{"line":81,"column":4},"end":{"line":89,"column":5}},"30":{"start":{"line":81,"column":17},"end":{"line":81,"column":18}},"31":{"start":{"line":82,"column":25},"end":{"line":82,"column":48}},"32":{"start":{"line":83,"column":20},"end":{"line":86,"column":8}},"33":{"start":{"line":87,"column":6},"end":{"line":87,"column":32}},"34":{"start":{"line":88,"column":6},"end":{"line":88,"column":36}},"35":{"start":{"line":92,"column":2},"end":{"line":92,"column":13}}},"fnMap":{"0":{"name":"createNode","decl":{"start":{"line":2,"column":9},"end":{"line":2,"column":19}},"loc":{"start":{"line":2,"column":37},"end":{"line":10,"column":1}},"line":2},"1":{"name":"(anonymous_1)","decl":{"start":{"line":5,"column":28},"end":{"line":5,"column":29}},"loc":{"start":{"line":5,"column":35},"end":{"line":7,"column":3}},"line":5},"2":{"name":"createSlider","decl":{"start":{"line":13,"column":9},"end":{"line":13,"column":21}},"loc":{"start":{"line":13,"column":29},"end":{"line":93,"column":1}},"line":13},"3":{"name":"(anonymous_3)","decl":{"start":{"line":55,"column":9},"end":{"line":55,"column":10}},"loc":{"start":{"line":55,"column":16},"end":{"line":59,"column":5}},"line":55},"4":{"name":"(anonymous_4)","decl":{"start":{"line":60,"column":13},"end":{"line":60,"column":14}},"loc":{"start":{"line":60,"column":20},"end":{"line":62,"column":5}},"line":60},"5":{"name":"(anonymous_5)","decl":{"start":{"line":76,"column":19},"end":{"line":76,"column":20}},"loc":{"start":{"line":76,"column":25},"end":{"line":78,"column":3}},"line":76}},"branchMap":{"0":{"loc":{"start":{"line":2,"column":26},"end":{"line":2,"column":35}},"type":"default-arg","locations":[{"start":{"line":2,"column":33},"end":{"line":2,"column":35}}],"line":2},"1":{"loc":{"start":{"line":24,"column":19},"end":{"line":24,"column":59}},"type":"cond-expr","locations":[{"start":{"line":24,"column":32},"end":{"line":24,"column":44}},{"start":{"line":24,"column":47},"end":{"line":24,"column":59}}],"line":24},"2":{"loc":{"start":{"line":25,"column":22},"end":{"line":25,"column":72}},"type":"cond-expr","locations":[{"start":{"line":25,"column":35},"end":{"line":25,"column":54}},{"start":{"line":25,"column":57},"end":{"line":25,"column":72}}],"line":25},"3":{"loc":{"start":{"line":44,"column":2},"end":{"line":52,"column":3}},"type":"if","locations":[{"start":{"line":44,"column":2},"end":{"line":52,"column":3}},{"start":{"line":44,"column":2},"end":{"line":52,"column":3}}],"line":44},"4":{"loc":{"start":{"line":65,"column":19},"end":{"line":74,"column":50}},"type":"cond-expr","locations":[{"start":{"line":66,"column":6},"end":{"line":73,"column":7}},{"start":{"line":74,"column":6},"end":{"line":74,"column":50}}],"line":65},"5":{"loc":{"start":{"line":80,"column":2},"end":{"line":90,"column":3}},"type":"if","locations":[{"start":{"line":80,"column":2},"end":{"line":90,"column":3}},{"start":{"line":80,"column":2},"end":{"line":90,"column":3}}],"line":80},"6":{"loc":{"start":{"line":85,"column":15},"end":{"line":85,"column":72}},"type":"cond-expr","locations":[{"start":{"line":85,"column":28},"end":{"line":85,"column":49}},{"start":{"line":85,"column":52},"end":{"line":85,"column":72}}],"line":85}},"s":{"0":28,"1":28,"2":36,"3":28,"4":4,"5":4,"6":4,"7":4,"8":4,"9":4,"10":4,"11":4,"12":0,"13":0,"14":0,"15":0,"16":0,"17":0,"18":0,"19":4,"20":0,"21":0,"22":0,"23":0,"24":4,"25":4,"26":4,"27":12,"28":4,"29":0,"30":0,"31":0,"32":0,"33":0,"34":0,"35":4},"f":{"0":28,"1":36,"2":4,"3":0,"4":0,"5":12},"b":{"0":[0],"1":[4,0],"2":[4,0],"3":[0,4],"4":[0,4],"5":[0,4],"6":[0,0]},"_coverageSchema":"43e27e138ebf9cfc5966b082cf9a028302ed4184","hash":"df2423549eb2ab277282ee3506832c2b848e2dbc"}
,"E:\\Programming\\github\\repos\\slider-plugin\\src\\js\\view\\view.js": {"path":"E:\\Programming\\github\\repos\\slider-plugin\\src\\js\\view\\view.js","statementMap":{"0":{"start":{"line":4,"column":2},"end":{"line":4,"column":21}},"1":{"start":{"line":5,"column":23},"end":{"line":5,"column":34}},"2":{"start":{"line":6,"column":2},"end":{"line":6,"column":47}},"3":{"start":{"line":7,"column":2},"end":{"line":8,"column":74}},"4":{"start":{"line":8,"column":4},"end":{"line":8,"column":74}},"5":{"start":{"line":10,"column":2},"end":{"line":10,"column":26}},"6":{"start":{"line":14,"column":0},"end":{"line":17,"column":2}},"7":{"start":{"line":15,"column":2},"end":{"line":15,"column":31}},"8":{"start":{"line":16,"column":2},"end":{"line":16,"column":16}},"9":{"start":{"line":19,"column":0},"end":{"line":47,"column":2}},"10":{"start":{"line":20,"column":2},"end":{"line":22,"column":3}},"11":{"start":{"line":21,"column":4},"end":{"line":21,"column":55}},"12":{"start":{"line":24,"column":35},"end":{"line":24,"column":56}},"13":{"start":{"line":25,"column":14},"end":{"line":25,"column":38}},"14":{"start":{"line":27,"column":2},"end":{"line":27,"column":68}},"15":{"start":{"line":28,"column":2},"end":{"line":28,"column":66}},"16":{"start":{"line":30,"column":2},"end":{"line":35,"column":3}},"17":{"start":{"line":31,"column":4},"end":{"line":31,"column":78}},"18":{"start":{"line":32,"column":4},"end":{"line":32,"column":79}},"19":{"start":{"line":34,"column":4},"end":{"line":34,"column":79}},"20":{"start":{"line":37,"column":2},"end":{"line":37,"column":27}},"21":{"start":{"line":38,"column":2},"end":{"line":38,"column":31}},"22":{"start":{"line":39,"column":2},"end":{"line":39,"column":39}},"23":{"start":{"line":40,"column":2},"end":{"line":40,"column":17}},"24":{"start":{"line":43,"column":17},"end":{"line":43,"column":78}},"25":{"start":{"line":44,"column":2},"end":{"line":44,"column":42}},"26":{"start":{"line":46,"column":2},"end":{"line":46,"column":16}},"27":{"start":{"line":50,"column":2},"end":{"line":58,"column":3}},"28":{"start":{"line":51,"column":4},"end":{"line":51,"column":39}},"29":{"start":{"line":52,"column":4},"end":{"line":52,"column":38}},"30":{"start":{"line":53,"column":4},"end":{"line":53,"column":39}},"31":{"start":{"line":55,"column":4},"end":{"line":55,"column":38}},"32":{"start":{"line":56,"column":4},"end":{"line":56,"column":39}},"33":{"start":{"line":57,"column":4},"end":{"line":57,"column":38}},"34":{"start":{"line":62,"column":0},"end":{"line":107,"column":2}},"35":{"start":{"line":63,"column":23},"end":{"line":63,"column":44}},"36":{"start":{"line":65,"column":2},"end":{"line":106,"column":3}},"37":{"start":{"line":72,"column":8},"end":{"line":72,"column":29}},"38":{"start":{"line":74,"column":4},"end":{"line":80,"column":7}},"39":{"start":{"line":82,"column":4},"end":{"line":88,"column":7}},"40":{"start":{"line":90,"column":4},"end":{"line":90,"column":48}},"41":{"start":{"line":91,"column":4},"end":{"line":91,"column":50}},"42":{"start":{"line":92,"column":4},"end":{"line":92,"column":52}},"43":{"start":{"line":94,"column":44},"end":{"line":94,"column":65}},"44":{"start":{"line":96,"column":4},"end":{"line":102,"column":7}},"45":{"start":{"line":104,"column":4},"end":{"line":104,"column":38}},"46":{"start":{"line":105,"column":4},"end":{"line":105,"column":33}}},"fnMap":{"0":{"name":"View","decl":{"start":{"line":3,"column":9},"end":{"line":3,"column":13}},"loc":{"start":{"line":3,"column":21},"end":{"line":11,"column":1}},"line":3},"1":{"name":"init","decl":{"start":{"line":14,"column":31},"end":{"line":14,"column":35}},"loc":{"start":{"line":14,"column":48},"end":{"line":17,"column":1}},"line":14},"2":{"name":"render","decl":{"start":{"line":19,"column":33},"end":{"line":19,"column":39}},"loc":{"start":{"line":19,"column":42},"end":{"line":47,"column":1}},"line":19},"3":{"name":"changePosition","decl":{"start":{"line":49,"column":9},"end":{"line":49,"column":23}},"loc":{"start":{"line":49,"column":67},"end":{"line":59,"column":1}},"line":49},"4":{"name":"update","decl":{"start":{"line":62,"column":33},"end":{"line":62,"column":39}},"loc":{"start":{"line":62,"column":42},"end":{"line":107,"column":1}},"line":62}},"branchMap":{"0":{"loc":{"start":{"line":7,"column":2},"end":{"line":8,"column":74}},"type":"if","locations":[{"start":{"line":7,"column":2},"end":{"line":8,"column":74}},{"start":{"line":7,"column":2},"end":{"line":8,"column":74}}],"line":7},"1":{"loc":{"start":{"line":20,"column":2},"end":{"line":22,"column":3}},"type":"if","locations":[{"start":{"line":20,"column":2},"end":{"line":22,"column":3}},{"start":{"line":20,"column":2},"end":{"line":22,"column":3}}],"line":20},"2":{"loc":{"start":{"line":30,"column":2},"end":{"line":35,"column":3}},"type":"if","locations":[{"start":{"line":30,"column":2},"end":{"line":35,"column":3}},{"start":{"line":30,"column":2},"end":{"line":35,"column":3}}],"line":30},"3":{"loc":{"start":{"line":43,"column":17},"end":{"line":43,"column":78}},"type":"cond-expr","locations":[{"start":{"line":43,"column":30},"end":{"line":43,"column":52}},{"start":{"line":43,"column":55},"end":{"line":43,"column":78}}],"line":43},"4":{"loc":{"start":{"line":50,"column":2},"end":{"line":58,"column":3}},"type":"if","locations":[{"start":{"line":50,"column":2},"end":{"line":58,"column":3}},{"start":{"line":50,"column":2},"end":{"line":58,"column":3}}],"line":50},"5":{"loc":{"start":{"line":65,"column":2},"end":{"line":106,"column":3}},"type":"if","locations":[{"start":{"line":65,"column":2},"end":{"line":106,"column":3}},{"start":{"line":65,"column":2},"end":{"line":106,"column":3}}],"line":65}},"s":{"0":3,"1":3,"2":3,"3":3,"4":1,"5":2,"6":2,"7":2,"8":2,"9":2,"10":4,"11":0,"12":4,"13":4,"14":4,"15":4,"16":4,"17":0,"18":0,"19":4,"20":4,"21":4,"22":4,"23":4,"24":4,"25":4,"26":4,"27":8,"28":8,"29":8,"30":8,"31":0,"32":0,"33":0,"34":2,"35":8,"36":8,"37":0,"38":0,"39":0,"40":0,"41":0,"42":0,"43":8,"44":8,"45":8,"46":8},"f":{"0":3,"1":2,"2":4,"3":8,"4":8},"b":{"0":[1,2],"1":[0,4],"2":[0,4],"3":[4,0],"4":[8,0],"5":[0,8]},"_coverageSchema":"43e27e138ebf9cfc5966b082cf9a028302ed4184","hash":"665d641990598fdbd2e74bbe661890d18f57fc24"}
}
