TN:
SF:E:\Programming\github\repos\slider\src\js\SliderError.js
FN:2,(anonymous_0)
FN:7,(anonymous_1)
FN:11,(anonymous_2)
FNF:3
FNH:3
FNDA:18,(anonymous_0)
FNDA:3,(anonymous_1)
FNDA:3,(anonymous_2)
DA:3,18
DA:4,18
DA:8,3
DA:14,3
LF:4
LH:4
BRDA:2,0,0,0
BRF:1
BRH:0
end_of_record
TN:
SF:E:\Programming\github\repos\slider\src\js\controller.js
FN:1,handleClick
FN:18,handleInput
FN:22,handleDrag
FN:32,moveHandle
FN:41,(anonymous_4)
FN:46,Controller
FNF:6
FNH:4
FNDA:2,handleClick
FNDA:2,handleInput
FNDA:2,handleDrag
FNDA:0,moveHandle
FNDA:0,(anonymous_4)
FNDA:2,Controller
DA:2,2
DA:6,0
DA:8,2
DA:10,2
DA:11,2
DA:12,2
DA:13,2
DA:15,2
DA:19,2
DA:23,2
DA:24,2
DA:25,2
DA:26,2
DA:27,2
DA:28,2
DA:29,2
DA:30,2
DA:33,0
DA:34,0
DA:36,0
DA:39,2
DA:41,2
DA:42,0
DA:47,2
DA:48,2
DA:50,2
DA:51,2
DA:52,2
DA:54,2
LF:29
LH:24
BRDA:2,0,0,0
BRDA:2,0,1,2
BRDA:3,1,0,2
BRDA:3,1,1,0
BRDA:11,2,0,2
BRDA:11,2,1,0
BRDA:33,3,0,0
BRDA:33,3,1,0
BRF:8
BRH:3
end_of_record
TN:
SF:E:\Programming\github\repos\slider\src\js\model.js
FN:14,checkType
FN:34,Model
FN:49,validate
FN:102,notify
FN:103,(anonymous_4)
FN:121,(anonymous_5)
FN:123,callFunction
FN:126,(anonymous_7)
FN:130,setValue
FN:140,(anonymous_9)
FN:148,(anonymous_10)
FN:150,(anonymous_11)
FN:165,(anonymous_12)
FN:176,(anonymous_13)
FN:180,(anonymous_14)
FNF:15
FNH:13
FNDA:42,checkType
FNDA:6,Model
FNDA:44,validate
FNDA:9,notify
FNDA:4,(anonymous_4)
FNDA:3,(anonymous_5)
FNDA:3,callFunction
FNDA:0,(anonymous_7)
FNDA:21,setValue
FNDA:12,(anonymous_9)
FNDA:17,(anonymous_10)
FNDA:9,(anonymous_11)
FNDA:0,(anonymous_12)
FNDA:22,(anonymous_13)
FNDA:2,(anonymous_14)
DA:4,3
DA:15,42
DA:20,36
DA:26,6
DA:30,0
DA:34,3
DA:36,6
DA:39,6
DA:42,6
DA:47,6
DA:50,44
DA:51,2
DA:57,42
DA:59,42
DA:60,11
DA:63,31
DA:65,17
DA:66,1
DA:68,16
DA:69,2
DA:71,14
DA:75,14
DA:77,4
DA:78,1
DA:80,3
DA:82,3
DA:83,1
DA:85,2
DA:87,4
DA:92,3
DA:94,1
DA:96,3
DA:99,9
DA:103,9
DA:104,4
DA:105,4
DA:107,4
DA:108,4
DA:110,0
DA:111,0
DA:113,0
DA:116,0
DA:121,6
DA:123,3
DA:124,3
DA:125,3
DA:126,3
DA:131,21
DA:132,21
DA:133,3
DA:134,3
DA:136,18
DA:140,6
DA:141,12
DA:142,0
DA:143,0
DA:146,12
DA:147,12
DA:148,17
DA:150,12
DA:151,9
DA:155,12
DA:156,8
DA:158,4
DA:162,12
DA:163,9
DA:165,3
DA:166,0
DA:171,6
DA:174,6
DA:176,22
DA:181,2
LF:72
LH:64
BRDA:15,0,0,22
BRDA:15,0,1,26
BRDA:15,0,2,31
BRDA:15,0,3,36
BRDA:15,0,4,2
BRDA:15,0,5,4
BRDA:15,0,6,6
BRDA:15,0,7,0
BRDA:20,1,0,8
BRDA:20,1,1,28
BRDA:26,2,0,3
BRDA:26,2,1,3
BRDA:34,3,0,2
BRDA:50,4,0,2
BRDA:50,4,1,42
BRDA:59,5,0,11
BRDA:59,5,1,31
BRDA:63,6,0,17
BRDA:63,6,1,4
BRDA:63,6,2,3
BRDA:63,6,3,4
BRDA:63,6,4,3
BRDA:65,7,0,1
BRDA:65,7,1,16
BRDA:68,8,0,2
BRDA:68,8,1,14
BRDA:77,9,0,1
BRDA:77,9,1,3
BRDA:82,10,0,1
BRDA:82,10,1,2
BRDA:87,11,0,3
BRDA:87,11,1,1
BRDA:88,12,0,4
BRDA:88,12,1,3
BRDA:88,12,2,1
BRDA:105,13,0,4
BRDA:105,13,1,0
BRDA:105,13,2,0
BRDA:132,14,0,3
BRDA:132,14,1,18
BRDA:140,15,0,0
BRDA:141,16,0,0
BRDA:141,16,1,12
BRDA:155,17,0,8
BRDA:155,17,1,4
BRDA:162,18,0,9
BRDA:162,18,1,3
BRF:47
BRH:42
end_of_record
TN:
SF:E:\Programming\github\repos\slider\src\js\view.js
FN:1,View
FN:12,createNode
FN:15,(anonymous_2)
FN:22,update
FN:40,render
FN:43,rerender
FN:72,(anonymous_6)
FN:77,(anonymous_7)
FN:82,(anonymous_8)
FNF:9
FNH:7
FNDA:2,View
FNDA:28,createNode
FNDA:36,(anonymous_2)
FNDA:8,update
FNDA:4,render
FNDA:4,rerender
FNDA:0,(anonymous_6)
FNDA:0,(anonymous_7)
FNDA:12,(anonymous_8)
DA:2,2
DA:3,2
DA:4,2
DA:5,2
DA:6,0
DA:8,2
DA:13,28
DA:15,28
DA:16,36
DA:19,28
DA:22,2
DA:23,8
DA:24,8
DA:26,8
DA:27,8
DA:28,8
DA:29,8
DA:31,0
DA:32,0
DA:33,0
DA:36,8
DA:37,8
DA:40,2
DA:41,4
DA:51,4
DA:52,4
DA:53,4
DA:55,4
DA:68,4
DA:69,4
DA:70,4
DA:71,4
DA:73,0
DA:74,0
DA:75,0
DA:78,0
DA:80,4
DA:81,4
DA:82,4
DA:83,12
DA:86,4
DA:87,0
DA:88,0
DA:89,0
DA:93,0
DA:94,0
DA:98,4
DA:99,4
DA:100,4
DA:103,4
DA:104,4
DA:106,4
DA:110,4
DA:111,4
DA:114,4
DA:117,4
DA:118,4
LF:57
LH:44
BRDA:5,0,0,0
BRDA:5,0,1,2
BRDA:12,1,0,0
BRDA:26,2,0,8
BRDA:26,2,1,0
BRDA:52,3,0,4
BRDA:52,3,1,0
BRDA:53,4,0,4
BRDA:53,4,1,0
BRDA:86,5,0,0
BRDA:86,5,1,4
BRDA:91,6,0,0
BRDA:91,6,1,0
BRDA:106,7,0,4
BRDA:106,7,1,0
BRF:15
BRH:6
end_of_record
