TN:
SF:E:\Programming\github\repos\slider-plugin\src\js\controller\controller.js
FN:3,Controller
FNF:1
FNH:1
FNDA:2,Controller
DA:4,2
DA:5,2
DA:7,2
DA:8,2
DA:9,2
DA:11,2
LF:6
LH:6
BRF:0
BRH:0
end_of_record
TN:
SF:E:\Programming\github\repos\slider-plugin\src\js\controller\utils.js
FN:1,handleClick
FN:34,handleInput
FN:45,handleDrag
FN:55,moveHandle
FN:72,(anonymous_4)
FNF:5
FNH:3
FNDA:2,handleClick
FNDA:2,handleInput
FNDA:2,handleDrag
FNDA:0,moveHandle
FNDA:0,(anonymous_4)
DA:2,2
DA:7,0
DA:16,2
DA:18,2
DA:19,2
DA:20,2
DA:21,2
DA:23,2
DA:24,0
DA:25,0
DA:27,0
DA:30,2
DA:35,2
DA:37,2
DA:38,0
DA:39,0
DA:41,2
DA:46,2
DA:47,2
DA:48,2
DA:49,2
DA:50,2
DA:51,2
DA:52,2
DA:53,2
DA:56,0
DA:57,0
DA:59,0
DA:60,0
DA:61,0
DA:63,0
DA:66,0
DA:70,2
DA:72,2
DA:73,0
LF:35
LH:21
BRDA:2,0,0,0
BRDA:2,0,1,2
BRDA:3,1,0,2
BRDA:3,1,1,0
BRDA:3,1,2,0
BRDA:19,2,0,2
BRDA:19,2,1,0
BRDA:23,3,0,0
BRDA:23,3,1,2
BRDA:24,4,0,0
BRDA:24,4,1,0
BRDA:37,5,0,0
BRDA:37,5,1,2
BRDA:56,6,0,0
BRDA:56,6,1,0
BRDA:59,7,0,0
BRDA:59,7,1,0
BRDA:60,8,0,0
BRDA:60,8,1,0
BRF:19
BRH:5
end_of_record
TN:
SF:E:\Programming\github\repos\slider-plugin\src\js\model\SliderError.js
FN:2,(anonymous_0)
FN:7,(anonymous_1)
FN:11,(anonymous_2)
FNF:3
FNH:3
FNDA:18,(anonymous_0)
FNDA:2,(anonymous_1)
FNDA:1,(anonymous_2)
DA:3,18
DA:4,18
DA:8,2
DA:14,1
LF:4
LH:4
BRDA:2,0,0,0
BRF:1
BRH:0
end_of_record
TN:
SF:E:\Programming\github\repos\slider-plugin\src\js\model\model.js
FN:5,Model
FN:9,validate
FN:58,notify
FN:59,(anonymous_3)
FN:77,setValue
FN:87,(anonymous_5)
FN:95,(anonymous_6)
FN:98,(anonymous_7)
FN:119,(anonymous_8)
FN:130,(anonymous_9)
FN:134,(anonymous_10)
FNF:11
FNH:10
FNDA:7,Model
FNDA:41,validate
FNDA:11,notify
FNDA:4,(anonymous_3)
FNDA:16,setValue
FNDA:13,(anonymous_5)
FNDA:10,(anonymous_6)
FNDA:3,(anonymous_7)
FNDA:0,(anonymous_8)
FNDA:37,(anonymous_9)
FNDA:2,(anonymous_10)
DA:5,3
DA:6,7
DA:7,7
DA:10,41
DA:12,41
DA:13,13
DA:16,28
DA:20,20
DA:21,0
DA:22,20
DA:23,0
DA:24,20
DA:25,19
DA:27,17
DA:31,17
DA:33,3
DA:34,1
DA:36,2
DA:38,2
DA:39,1
DA:41,1
DA:43,3
DA:48,3
DA:50,0
DA:52,0
DA:55,3
DA:59,11
DA:60,4
DA:61,4
DA:63,4
DA:64,4
DA:66,0
DA:67,0
DA:69,0
DA:72,0
DA:78,16
DA:79,16
DA:80,1
DA:81,1
DA:83,15
DA:87,7
DA:88,13
DA:89,0
DA:90,0
DA:93,13
DA:94,13
DA:95,10
DA:98,13
DA:99,3
DA:102,13
DA:105,13
DA:106,0
DA:107,0
DA:109,0
DA:110,0
DA:112,13
DA:116,13
DA:117,11
DA:119,2
DA:120,0
DA:125,7
DA:128,7
DA:130,37
DA:135,2
LF:64
LH:49
BRDA:5,0,0,4
BRDA:12,1,0,13
BRDA:12,1,1,28
BRDA:16,2,0,20
BRDA:16,2,1,20
BRDA:16,2,2,20
BRDA:16,2,3,3
BRDA:16,2,4,2
BRDA:16,2,5,3
BRDA:16,2,6,0
BRDA:20,3,0,0
BRDA:20,3,1,20
BRDA:20,4,0,20
BRDA:20,4,1,0
BRDA:22,5,0,0
BRDA:22,5,1,20
BRDA:22,6,0,20
BRDA:22,6,1,0
BRDA:24,7,0,1
BRDA:24,7,1,19
BRDA:25,8,0,2
BRDA:25,8,1,17
BRDA:33,9,0,1
BRDA:33,9,1,2
BRDA:38,10,0,1
BRDA:38,10,1,1
BRDA:43,11,0,3
BRDA:43,11,1,0
BRDA:44,12,0,3
BRDA:44,12,1,2
BRDA:44,12,2,0
BRDA:61,13,0,4
BRDA:61,13,1,0
BRDA:61,13,2,0
BRDA:79,14,0,1
BRDA:79,14,1,15
BRDA:87,15,0,0
BRDA:88,16,0,0
BRDA:88,16,1,13
BRDA:95,17,0,10
BRDA:95,17,1,3
BRDA:95,17,2,3
BRDA:102,18,0,13
BRDA:102,18,1,13
BRDA:105,19,0,0
BRDA:105,19,1,13
BRDA:106,20,0,0
BRDA:106,20,1,0
BRDA:107,21,0,0
BRDA:107,21,1,0
BRDA:112,22,0,13
BRDA:112,22,1,9
BRDA:116,23,0,11
BRDA:116,23,1,2
BRF:54
BRH:38
end_of_record
TN:
SF:E:\Programming\github\repos\slider-plugin\src\js\model\utils.js
FN:3,getInitialState
FN:17,createModel
FN:27,checkType
FN:50,(anonymous_3)
FN:52,callFunction
FN:55,(anonymous_5)
FNF:6
FNH:5
FNDA:3,getInitialState
FNDA:7,createModel
FNDA:41,checkType
FNDA:2,(anonymous_3)
FNDA:2,callFunction
FNDA:0,(anonymous_5)
DA:3,3
DA:4,3
DA:17,3
DA:18,7
DA:23,7
DA:28,41
DA:35,36
DA:42,4
DA:46,1
DA:50,3
DA:52,2
DA:53,2
DA:54,2
DA:55,2
LF:14
LH:14
BRDA:28,0,0,23
BRDA:28,0,1,24
BRDA:28,0,2,25
BRDA:28,0,3,28
BRDA:28,0,4,32
BRDA:28,0,5,36
BRDA:28,0,6,1
BRDA:28,0,7,2
BRDA:28,0,8,3
BRDA:28,0,9,4
BRDA:28,0,10,1
BRDA:35,1,0,8
BRDA:35,1,1,28
BRDA:42,2,0,4
BRDA:42,2,1,0
BRF:15
BRH:14
end_of_record
TN:
SF:E:\Programming\github\repos\slider-plugin\src\js\view\utils.js
FN:2,createNode
FN:5,(anonymous_1)
FN:13,createSlider
FN:55,(anonymous_3)
FN:60,(anonymous_4)
FN:76,(anonymous_5)
FNF:6
FNH:4
FNDA:28,createNode
FNDA:36,(anonymous_1)
FNDA:4,createSlider
FNDA:0,(anonymous_3)
FNDA:0,(anonymous_4)
FNDA:12,(anonymous_5)
DA:3,28
DA:5,28
DA:6,36
DA:9,28
DA:22,4
DA:24,4
DA:25,4
DA:27,4
DA:40,4
DA:41,4
DA:42,4
DA:44,4
DA:45,0
DA:46,0
DA:47,0
DA:48,0
DA:49,0
DA:50,0
DA:51,0
DA:54,4
DA:56,0
DA:57,0
DA:58,0
DA:61,0
DA:63,4
DA:65,4
DA:76,4
DA:77,12
DA:80,4
DA:81,0
DA:82,0
DA:83,0
DA:87,0
DA:88,0
DA:92,4
LF:35
LH:19
BRDA:2,0,0,0
BRDA:24,1,0,4
BRDA:24,1,1,0
BRDA:25,2,0,4
BRDA:25,2,1,0
BRDA:44,3,0,0
BRDA:44,3,1,4
BRDA:65,4,0,0
BRDA:65,4,1,4
BRDA:80,5,0,0
BRDA:80,5,1,4
BRDA:85,6,0,0
BRDA:85,6,1,0
BRF:13
BRH:5
end_of_record
TN:
SF:E:\Programming\github\repos\slider-plugin\src\js\view\view.js
FN:3,View
FN:14,init
FN:19,render
FN:49,changePosition
FN:62,update
FNF:5
FNH:5
FNDA:3,View
FNDA:2,init
FNDA:4,render
FNDA:8,changePosition
FNDA:8,update
DA:4,3
DA:5,3
DA:6,3
DA:7,3
DA:8,1
DA:10,2
DA:14,2
DA:15,2
DA:16,2
DA:19,2
DA:20,4
DA:21,0
DA:24,4
DA:25,4
DA:27,4
DA:28,4
DA:30,4
DA:31,0
DA:32,0
DA:34,4
DA:37,4
DA:38,4
DA:39,4
DA:40,4
DA:43,4
DA:44,4
DA:46,4
DA:50,8
DA:51,8
DA:52,8
DA:53,8
DA:55,0
DA:56,0
DA:57,0
DA:62,2
DA:63,8
DA:65,8
DA:72,0
DA:74,0
DA:82,0
DA:90,0
DA:91,0
DA:92,0
DA:94,8
DA:96,8
DA:104,8
DA:105,8
LF:47
LH:35
BRDA:7,0,0,1
BRDA:7,0,1,2
BRDA:20,1,0,0
BRDA:20,1,1,4
BRDA:30,2,0,0
BRDA:30,2,1,4
BRDA:43,3,0,4
BRDA:43,3,1,0
BRDA:50,4,0,8
BRDA:50,4,1,0
BRDA:65,5,0,0
BRDA:65,5,1,8
BRF:12
BRH:7
end_of_record
